2019-01-15 11:00:50.523  INFO 9752 --- [restartedMain] c.s.p.p.PaymentCardCentreApplication     : Starting PaymentCardCentreApplication on DESKTOP-1E1AJAA with PID 9752 (D:\sc\payment-card-centre\target\classes started by Lenovo in D:\sc\payment-card-centre)
2019-01-15 11:00:50.861  INFO 9752 --- [restartedMain] c.s.p.p.PaymentCardCentreApplication     : No active profile set, falling back to default profiles: default
2019-01-15 11:00:51.258  INFO 9752 --- [restartedMain] .e.DevToolsPropertyDefaultsPostProcessor : Devtools property defaults active! Set 'spring.devtools.add-properties' to 'false' to disable
2019-01-15 11:00:51.259  INFO 9752 --- [restartedMain] .e.DevToolsPropertyDefaultsPostProcessor : For additional web related logging consider setting the 'logging.level.web' property to 'DEBUG'
2019-01-15 11:01:02.461  INFO 9752 --- [restartedMain] .s.d.r.c.RepositoryConfigurationDelegate : Bootstrapping Spring Data repositories in DEFAULT mode.
2019-01-15 11:01:02.921  INFO 9752 --- [restartedMain] .s.d.r.c.RepositoryConfigurationDelegate : Finished Spring Data repository scanning in 426ms. Found 2 repository interfaces.
2019-01-15 11:01:06.032  INFO 9752 --- [restartedMain] trationDelegate$BeanPostProcessorChecker : Bean 'org.springframework.transaction.annotation.ProxyTransactionManagementConfiguration' of type [org.springframework.transaction.annotation.ProxyTransactionManagementConfiguration$$EnhancerBySpringCGLIB$$44810cb4] is not eligible for getting processed by all BeanPostProcessors (for example: not eligible for auto-proxying)
2019-01-15 11:01:06.190  INFO 9752 --- [restartedMain] trationDelegate$BeanPostProcessorChecker : Bean 'org.springframework.hateoas.config.HateoasConfiguration' of type [org.springframework.hateoas.config.HateoasConfiguration$$EnhancerBySpringCGLIB$$c40159e6] is not eligible for getting processed by all BeanPostProcessors (for example: not eligible for auto-proxying)
2019-01-15 11:01:21.685  INFO 9752 --- [restartedMain] o.s.b.w.embedded.tomcat.TomcatWebServer  : Tomcat initialized with port(s): 8444 (http)
2019-01-15 11:01:22.251  INFO 9752 --- [restartedMain] o.apache.catalina.core.StandardService   : Starting service [Tomcat]
2019-01-15 11:01:22.253  INFO 9752 --- [restartedMain] org.apache.catalina.core.StandardEngine  : Starting Servlet Engine: Apache Tomcat/9.0.12
2019-01-15 11:01:22.615  INFO 9752 --- [restartedMain] o.a.catalina.core.AprLifecycleListener   : The APR based Apache Tomcat Native library which allows optimal performance in production environments was not found on the java.library.path: [C:\Program Files\Java\jdk1.8.0_131\bin;C:\WINDOWS\Sun\Java\bin;C:\WINDOWS\system32;C:\WINDOWS;C:\Program Files (x86)\Common Files\Oracle\Java\javapath;C:\Program Files\Haskell\bin;C:\Program Files\Haskell Platform\8.4.3\lib\extralibs\bin;C:\Program Files\Haskell Platform\8.4.3\bin;D:\Python\;D:\Python\Scripts\;C:\ProgramData\Oracle\Java\javapath;C:\WINDOWS\system32;C:\WINDOWS;C:\WINDOWS\System32\Wbem;C:\Program Files\Apache\maven\bin;C:\WINDOWS\System32\WindowsPowerShell\v1.0\;C:\Program Files\Microsoft SQL Server\130\Tools\Binn\;C:\Program Files\dotnet\;C:\Users\Lenovo\AppData\Local\Programs\Git\cmd;C:\ProgramData\ComposerSetup\bin;D:\wamp64\bin\php\php7.1.9;C:\Program Files\PuTTY\;C:\Users\Lenovo\AppData\Roaming\nvm;C:\Program Files\nodejs;C:\Program Files (x86)\Gpg4win\..\GnuPG\bin;D:\programi\bin;C:\Program Files\Haskell Platform\8.4.3\mingw\bin;C:\WINDOWS\System32\OpenSSH\;C:\PHP;C:\Program Files\Java\jre1.8.0_131\bin;C:\Users\Lenovo\AppData\Local\Programs\Python\Python37-32\Scripts\;C:\Users\Lenovo\AppData\Local\Programs\Python\Python37-32\;C:\Users\Lenovo\AppData\Roaming\local\bin;C:\Users\Lenovo\AppData\Roaming\cabal\bin;C:\Users\Lenovo\Anaconda2;C:\Users\Lenovo\Anaconda2\Library\mingw-w64\bin;C:\Users\Lenovo\Anaconda2\Library\usr\bin;C:\Users\Lenovo\Anaconda2\Library\bin;C:\Users\Lenovo\Anaconda2\Scripts;C:\Users\Lenovo\AppData\Roaming\npm;D:\Scripts\;C:\Program Files\Haskell Platform\8.4.3\bin;C:\Program Files\Haskell Platform\8.4.3\lib\extralibs\bin;C:\Program Files\Haskell Platform\8.4.3\lib\ghc-8.4.3;D:\;C:\Users\Lenovo\AppData\Local\Microsoft\WindowsApps;C:\Program Files\Heroku\bin;C:\Users\Lenovo\AppData\Roaming\Composer\vendor\bin;C:\Program Files\MongoDB\Server\3.6\bin;C:\Users\Lenovo\AppData\Roaming\nvm;C:\Program Files\nodejs;;.]
2019-01-15 11:01:26.090  INFO 9752 --- [restartedMain] o.a.c.c.C.[Tomcat].[localhost].[/]       : Initializing Spring embedded WebApplicationContext
2019-01-15 11:01:26.093  INFO 9752 --- [restartedMain] o.s.web.context.ContextLoader            : Root WebApplicationContext: initialization completed in 34831 ms
2019-01-15 11:01:28.492  INFO 9752 --- [restartedMain] o.s.b.w.servlet.FilterRegistrationBean   : Mapping filter: 'characterEncodingFilter' to: [/*]
2019-01-15 11:01:28.493  INFO 9752 --- [restartedMain] o.s.b.w.servlet.FilterRegistrationBean   : Mapping filter: 'hiddenHttpMethodFilter' to: [/*]
2019-01-15 11:01:28.494  INFO 9752 --- [restartedMain] o.s.b.w.servlet.FilterRegistrationBean   : Mapping filter: 'formContentFilter' to: [/*]
2019-01-15 11:01:29.073  INFO 9752 --- [restartedMain] o.s.b.w.servlet.FilterRegistrationBean   : Mapping filter: 'requestContextFilter' to: [/*]
2019-01-15 11:01:29.074  INFO 9752 --- [restartedMain] .s.DelegatingFilterProxyRegistrationBean : Mapping filter: 'springSecurityFilterChain' to: [/*]
2019-01-15 11:01:29.075  INFO 9752 --- [restartedMain] o.s.b.w.servlet.ServletRegistrationBean  : Servlet dispatcherServlet mapped to [/]
2019-01-15 11:01:36.970  INFO 9752 --- [restartedMain] com.zaxxer.hikari.HikariDataSource       : HikariPool-1 - Starting...
2019-01-15 11:01:38.357  INFO 9752 --- [restartedMain] com.zaxxer.hikari.HikariDataSource       : HikariPool-1 - Start completed.
2019-01-15 11:01:38.771  INFO 9752 --- [restartedMain] o.hibernate.jpa.internal.util.LogHelper  : HHH000204: Processing PersistenceUnitInfo [
	name: default
	...]
2019-01-15 11:01:39.633  INFO 9752 --- [restartedMain] org.hibernate.Version                    : HHH000412: Hibernate Core {5.3.7.Final}
2019-01-15 11:01:39.638  INFO 9752 --- [restartedMain] org.hibernate.cfg.Environment            : HHH000206: hibernate.properties not found
2019-01-15 11:01:41.323  INFO 9752 --- [restartedMain] o.hibernate.annotations.common.Version   : HCANN000001: Hibernate Commons Annotations {5.0.4.Final}
2019-01-15 11:01:43.291  INFO 9752 --- [restartedMain] org.hibernate.dialect.Dialect            : HHH000400: Using dialect: org.hibernate.dialect.MySQL5InnoDBDialect
2019-01-15 11:01:54.196  INFO 9752 --- [restartedMain] o.h.t.schema.internal.SchemaCreatorImpl  : HHH000476: Executing import script 'ScriptSourceInputFromUrl(file:/D:/sc/payment-card-centre/target/classes/import.sql)'
2019-01-15 11:01:54.274  INFO 9752 --- [restartedMain] j.LocalContainerEntityManagerFactoryBean : Initialized JPA EntityManagerFactory for persistence unit 'default'
2019-01-15 11:01:54.578  WARN 9752 --- [restartedMain] o.s.b.d.a.OptionalLiveReloadServer       : Unable to start LiveReload server
2019-01-15 11:02:14.438  INFO 9752 --- [restartedMain] .s.s.UserDetailsServiceAutoConfiguration : 

Using generated security password: dd85dac9-8ecc-4d1f-b132-c1866f41f6c6

2019-01-15 11:02:16.004  INFO 9752 --- [restartedMain] o.s.s.web.DefaultSecurityFilterChain     : Creating filter chain: any request, [org.springframework.security.web.context.request.async.WebAsyncManagerIntegrationFilter@1ae8d0ee, org.springframework.security.web.context.SecurityContextPersistenceFilter@2217314a, org.springframework.security.web.header.HeaderWriterFilter@1fb373e2, org.springframework.security.web.authentication.logout.LogoutFilter@7751b8fe, com.sep.pcc.paymentcardcentre.security.JwtTokenAuthenticationFilter@5716f7e4, org.springframework.security.web.savedrequest.RequestCacheAwareFilter@67a3e1d0, org.springframework.security.web.servletapi.SecurityContextHolderAwareRequestFilter@41c87d8, org.springframework.security.web.authentication.AnonymousAuthenticationFilter@3f924ea2, org.springframework.security.web.session.SessionManagementFilter@4138ef04, org.springframework.security.web.access.ExceptionTranslationFilter@69aff7b2, org.springframework.security.web.access.intercept.FilterSecurityInterceptor@43695ff0]
2019-01-15 11:02:17.255  INFO 9752 --- [restartedMain] o.s.s.concurrent.ThreadPoolTaskExecutor  : Initializing ExecutorService 'applicationTaskExecutor'
2019-01-15 11:02:18.245  WARN 9752 --- [restartedMain] aWebConfiguration$JpaWebMvcConfiguration : spring.jpa.open-in-view is enabled by default. Therefore, database queries may be performed during view rendering. Explicitly configure spring.jpa.open-in-view to disable this warning
2019-01-15 11:02:23.028  INFO 9752 --- [restartedMain] o.s.b.w.embedded.tomcat.TomcatWebServer  : Tomcat started on port(s): 8444 (http) with context path ''
2019-01-15 11:02:23.041  INFO 9752 --- [restartedMain] c.s.p.p.PaymentCardCentreApplication     : Started PaymentCardCentreApplication in 98.964 seconds (JVM running for 110.89)
2019-01-15 13:17:25.267  INFO 7404 --- [restartedMain] c.s.p.p.PaymentCardCentreApplication     : Starting PaymentCardCentreApplication on DESKTOP-1E1AJAA with PID 7404 (D:\sc\payment-card-centre\target\classes started by Lenovo in D:\sc\payment-card-centre)
2019-01-15 13:17:25.276  INFO 7404 --- [restartedMain] c.s.p.p.PaymentCardCentreApplication     : No active profile set, falling back to default profiles: default
2019-01-15 13:17:25.450  INFO 7404 --- [restartedMain] .e.DevToolsPropertyDefaultsPostProcessor : Devtools property defaults active! Set 'spring.devtools.add-properties' to 'false' to disable
2019-01-15 13:17:25.450  INFO 7404 --- [restartedMain] .e.DevToolsPropertyDefaultsPostProcessor : For additional web related logging consider setting the 'logging.level.web' property to 'DEBUG'
2019-01-15 13:17:33.511  INFO 7404 --- [restartedMain] .s.d.r.c.RepositoryConfigurationDelegate : Bootstrapping Spring Data repositories in DEFAULT mode.
2019-01-15 13:17:33.916  INFO 7404 --- [restartedMain] .s.d.r.c.RepositoryConfigurationDelegate : Finished Spring Data repository scanning in 337ms. Found 2 repository interfaces.
2019-01-15 13:17:36.428  INFO 7404 --- [restartedMain] trationDelegate$BeanPostProcessorChecker : Bean 'org.springframework.transaction.annotation.ProxyTransactionManagementConfiguration' of type [org.springframework.transaction.annotation.ProxyTransactionManagementConfiguration$$EnhancerBySpringCGLIB$$7eacdfce] is not eligible for getting processed by all BeanPostProcessors (for example: not eligible for auto-proxying)
2019-01-15 13:17:36.505  INFO 7404 --- [restartedMain] trationDelegate$BeanPostProcessorChecker : Bean 'org.springframework.hateoas.config.HateoasConfiguration' of type [org.springframework.hateoas.config.HateoasConfiguration$$EnhancerBySpringCGLIB$$fe2d2d00] is not eligible for getting processed by all BeanPostProcessors (for example: not eligible for auto-proxying)
2019-01-15 13:17:39.337  INFO 7404 --- [restartedMain] o.s.b.w.embedded.tomcat.TomcatWebServer  : Tomcat initialized with port(s): 8444 (http)
2019-01-15 13:17:39.420  INFO 7404 --- [restartedMain] o.apache.catalina.core.StandardService   : Starting service [Tomcat]
2019-01-15 13:17:39.421  INFO 7404 --- [restartedMain] org.apache.catalina.core.StandardEngine  : Starting Servlet Engine: Apache Tomcat/9.0.12
2019-01-15 13:17:39.449  INFO 7404 --- [restartedMain] o.a.catalina.core.AprLifecycleListener   : The APR based Apache Tomcat Native library which allows optimal performance in production environments was not found on the java.library.path: [C:\Program Files\Java\jdk1.8.0_131\bin;C:\WINDOWS\Sun\Java\bin;C:\WINDOWS\system32;C:\WINDOWS;C:\Program Files (x86)\Common Files\Oracle\Java\javapath;C:\Program Files\Haskell\bin;C:\Program Files\Haskell Platform\8.4.3\lib\extralibs\bin;C:\Program Files\Haskell Platform\8.4.3\bin;D:\Python\;D:\Python\Scripts\;C:\ProgramData\Oracle\Java\javapath;C:\WINDOWS\system32;C:\WINDOWS;C:\WINDOWS\System32\Wbem;C:\Program Files\Apache\maven\bin;C:\WINDOWS\System32\WindowsPowerShell\v1.0\;C:\Program Files\Microsoft SQL Server\130\Tools\Binn\;C:\Program Files\dotnet\;C:\Users\Lenovo\AppData\Local\Programs\Git\cmd;C:\ProgramData\ComposerSetup\bin;D:\wamp64\bin\php\php7.1.9;C:\Program Files\PuTTY\;C:\Users\Lenovo\AppData\Roaming\nvm;C:\Program Files\nodejs;C:\Program Files (x86)\Gpg4win\..\GnuPG\bin;D:\programi\bin;C:\Program Files\Haskell Platform\8.4.3\mingw\bin;C:\WINDOWS\System32\OpenSSH\;C:\PHP;C:\Program Files\Java\jre1.8.0_131\bin;C:\Users\Lenovo\AppData\Local\Programs\Python\Python37-32\Scripts\;C:\Users\Lenovo\AppData\Local\Programs\Python\Python37-32\;C:\Users\Lenovo\AppData\Roaming\local\bin;C:\Users\Lenovo\AppData\Roaming\cabal\bin;C:\Users\Lenovo\Anaconda2;C:\Users\Lenovo\Anaconda2\Library\mingw-w64\bin;C:\Users\Lenovo\Anaconda2\Library\usr\bin;C:\Users\Lenovo\Anaconda2\Library\bin;C:\Users\Lenovo\Anaconda2\Scripts;C:\Users\Lenovo\AppData\Roaming\npm;D:\Scripts\;C:\Program Files\Haskell Platform\8.4.3\bin;C:\Program Files\Haskell Platform\8.4.3\lib\extralibs\bin;C:\Program Files\Haskell Platform\8.4.3\lib\ghc-8.4.3;D:\;C:\Users\Lenovo\AppData\Local\Microsoft\WindowsApps;C:\Program Files\Heroku\bin;C:\Users\Lenovo\AppData\Roaming\Composer\vendor\bin;C:\Program Files\MongoDB\Server\3.6\bin;C:\Users\Lenovo\AppData\Roaming\nvm;C:\Program Files\nodejs;;.]
2019-01-15 13:17:39.839  INFO 7404 --- [restartedMain] o.a.c.c.C.[Tomcat].[localhost].[/]       : Initializing Spring embedded WebApplicationContext
2019-01-15 13:17:39.851  INFO 7404 --- [restartedMain] o.s.web.context.ContextLoader            : Root WebApplicationContext: initialization completed in 14400 ms
2019-01-15 13:17:40.346  INFO 7404 --- [restartedMain] o.s.b.w.servlet.FilterRegistrationBean   : Mapping filter: 'characterEncodingFilter' to: [/*]
2019-01-15 13:17:40.347  INFO 7404 --- [restartedMain] o.s.b.w.servlet.FilterRegistrationBean   : Mapping filter: 'hiddenHttpMethodFilter' to: [/*]
2019-01-15 13:17:40.349  INFO 7404 --- [restartedMain] o.s.b.w.servlet.FilterRegistrationBean   : Mapping filter: 'formContentFilter' to: [/*]
2019-01-15 13:17:40.350  INFO 7404 --- [restartedMain] o.s.b.w.servlet.FilterRegistrationBean   : Mapping filter: 'requestContextFilter' to: [/*]
2019-01-15 13:17:40.350  INFO 7404 --- [restartedMain] .s.DelegatingFilterProxyRegistrationBean : Mapping filter: 'springSecurityFilterChain' to: [/*]
2019-01-15 13:17:40.351  INFO 7404 --- [restartedMain] o.s.b.w.servlet.ServletRegistrationBean  : Servlet dispatcherServlet mapped to [/]
2019-01-15 13:17:41.446  INFO 7404 --- [restartedMain] com.zaxxer.hikari.HikariDataSource       : HikariPool-1 - Starting...
2019-01-15 13:17:42.418  INFO 7404 --- [restartedMain] com.zaxxer.hikari.HikariDataSource       : HikariPool-1 - Start completed.
2019-01-15 13:17:42.739  INFO 7404 --- [restartedMain] o.hibernate.jpa.internal.util.LogHelper  : HHH000204: Processing PersistenceUnitInfo [
	name: default
	...]
2019-01-15 13:17:42.984  INFO 7404 --- [restartedMain] org.hibernate.Version                    : HHH000412: Hibernate Core {5.3.7.Final}
2019-01-15 13:17:42.992  INFO 7404 --- [restartedMain] org.hibernate.cfg.Environment            : HHH000206: hibernate.properties not found
2019-01-15 13:17:43.676  INFO 7404 --- [restartedMain] o.hibernate.annotations.common.Version   : HCANN000001: Hibernate Commons Annotations {5.0.4.Final}
2019-01-15 13:17:44.789  INFO 7404 --- [restartedMain] org.hibernate.dialect.Dialect            : HHH000400: Using dialect: org.hibernate.dialect.MySQL5InnoDBDialect
2019-01-15 13:17:48.490  INFO 7404 --- [restartedMain] o.h.t.schema.internal.SchemaCreatorImpl  : HHH000476: Executing import script 'ScriptSourceInputFromUrl(file:/D:/sc/payment-card-centre/target/classes/import.sql)'
2019-01-15 13:17:48.651  INFO 7404 --- [restartedMain] j.LocalContainerEntityManagerFactoryBean : Initialized JPA EntityManagerFactory for persistence unit 'default'
2019-01-15 13:17:48.721  WARN 7404 --- [restartedMain] o.s.b.d.a.OptionalLiveReloadServer       : Unable to start LiveReload server
2019-01-15 13:17:56.052  INFO 7404 --- [restartedMain] .s.s.UserDetailsServiceAutoConfiguration : 

Using generated security password: 0f33b2e2-aee1-4886-b9d2-05c0d0c3f930

2019-01-15 13:17:57.973  INFO 7404 --- [restartedMain] o.s.s.web.DefaultSecurityFilterChain     : Creating filter chain: any request, [org.springframework.security.web.context.request.async.WebAsyncManagerIntegrationFilter@4b01aa5b, org.springframework.security.web.context.SecurityContextPersistenceFilter@a8f3621, org.springframework.security.web.header.HeaderWriterFilter@47525d97, org.springframework.security.web.authentication.logout.LogoutFilter@36fc61d3, com.sep.pcc.paymentcardcentre.security.JwtTokenAuthenticationFilter@7d367b65, org.springframework.security.web.savedrequest.RequestCacheAwareFilter@4f244c10, org.springframework.security.web.servletapi.SecurityContextHolderAwareRequestFilter@72a65f32, org.springframework.security.web.authentication.AnonymousAuthenticationFilter@1b8c8c37, org.springframework.security.web.session.SessionManagementFilter@262c3e2d, org.springframework.security.web.access.ExceptionTranslationFilter@362f6097, org.springframework.security.web.access.intercept.FilterSecurityInterceptor@cd2a4e1]
2019-01-15 13:17:58.702  INFO 7404 --- [restartedMain] o.s.s.concurrent.ThreadPoolTaskExecutor  : Initializing ExecutorService 'applicationTaskExecutor'
2019-01-15 13:17:58.891  WARN 7404 --- [restartedMain] aWebConfiguration$JpaWebMvcConfiguration : spring.jpa.open-in-view is enabled by default. Therefore, database queries may be performed during view rendering. Explicitly configure spring.jpa.open-in-view to disable this warning
2019-01-15 13:18:00.693  INFO 7404 --- [restartedMain] o.s.b.w.embedded.tomcat.TomcatWebServer  : Tomcat started on port(s): 8444 (http) with context path ''
2019-01-15 13:18:00.701  INFO 7404 --- [restartedMain] c.s.p.p.PaymentCardCentreApplication     : Started PaymentCardCentreApplication in 36.553 seconds (JVM running for 39.411)
2019-01-15 16:21:13.332  INFO 11344 --- [restartedMain] c.s.p.p.PaymentCardCentreApplication     : Starting PaymentCardCentreApplication on DESKTOP-1E1AJAA with PID 11344 (D:\sc\payment-card-centre\target\classes started by Lenovo in D:\sc\payment-card-centre)
2019-01-15 16:21:13.340  INFO 11344 --- [restartedMain] c.s.p.p.PaymentCardCentreApplication     : No active profile set, falling back to default profiles: default
2019-01-15 16:21:13.899  INFO 11344 --- [restartedMain] .e.DevToolsPropertyDefaultsPostProcessor : Devtools property defaults active! Set 'spring.devtools.add-properties' to 'false' to disable
2019-01-15 16:21:13.900  INFO 11344 --- [restartedMain] .e.DevToolsPropertyDefaultsPostProcessor : For additional web related logging consider setting the 'logging.level.web' property to 'DEBUG'
2019-01-15 16:21:24.511  INFO 11344 --- [restartedMain] .s.d.r.c.RepositoryConfigurationDelegate : Bootstrapping Spring Data repositories in DEFAULT mode.
2019-01-15 16:21:25.114  INFO 11344 --- [restartedMain] .s.d.r.c.RepositoryConfigurationDelegate : Finished Spring Data repository scanning in 568ms. Found 2 repository interfaces.
2019-01-15 16:21:27.706  INFO 11344 --- [restartedMain] trationDelegate$BeanPostProcessorChecker : Bean 'org.springframework.transaction.annotation.ProxyTransactionManagementConfiguration' of type [org.springframework.transaction.annotation.ProxyTransactionManagementConfiguration$$EnhancerBySpringCGLIB$$a88bf28c] is not eligible for getting processed by all BeanPostProcessors (for example: not eligible for auto-proxying)
2019-01-15 16:21:27.954  INFO 11344 --- [restartedMain] trationDelegate$BeanPostProcessorChecker : Bean 'org.springframework.hateoas.config.HateoasConfiguration' of type [org.springframework.hateoas.config.HateoasConfiguration$$EnhancerBySpringCGLIB$$280c3fbe] is not eligible for getting processed by all BeanPostProcessors (for example: not eligible for auto-proxying)
2019-01-15 16:21:41.506  INFO 11344 --- [restartedMain] o.s.b.w.embedded.tomcat.TomcatWebServer  : Tomcat initialized with port(s): 8444 (http)
2019-01-15 16:21:41.631  INFO 11344 --- [restartedMain] o.apache.catalina.core.StandardService   : Starting service [Tomcat]
2019-01-15 16:21:41.632  INFO 11344 --- [restartedMain] org.apache.catalina.core.StandardEngine  : Starting Servlet Engine: Apache Tomcat/9.0.12
2019-01-15 16:21:41.717  INFO 11344 --- [restartedMain] o.a.catalina.core.AprLifecycleListener   : The APR based Apache Tomcat Native library which allows optimal performance in production environments was not found on the java.library.path: [C:\Program Files\Java\jdk1.8.0_131\bin;C:\WINDOWS\Sun\Java\bin;C:\WINDOWS\system32;C:\WINDOWS;C:\Program Files (x86)\Common Files\Oracle\Java\javapath;C:\Program Files\Haskell\bin;C:\Program Files\Haskell Platform\8.4.3\lib\extralibs\bin;C:\Program Files\Haskell Platform\8.4.3\bin;D:\Python\;D:\Python\Scripts\;C:\ProgramData\Oracle\Java\javapath;C:\WINDOWS\system32;C:\WINDOWS;C:\WINDOWS\System32\Wbem;C:\Program Files\Apache\maven\bin;C:\WINDOWS\System32\WindowsPowerShell\v1.0\;C:\Program Files\Microsoft SQL Server\130\Tools\Binn\;C:\Program Files\dotnet\;C:\Users\Lenovo\AppData\Local\Programs\Git\cmd;C:\ProgramData\ComposerSetup\bin;D:\wamp64\bin\php\php7.1.9;C:\Program Files\PuTTY\;C:\Users\Lenovo\AppData\Roaming\nvm;C:\Program Files\nodejs;C:\Program Files (x86)\Gpg4win\..\GnuPG\bin;D:\programi\bin;C:\Program Files\Haskell Platform\8.4.3\mingw\bin;C:\WINDOWS\System32\OpenSSH\;C:\PHP;C:\Program Files\Java\jre1.8.0_131\bin;C:\Users\Lenovo\AppData\Local\Programs\Python\Python37-32\Scripts\;C:\Users\Lenovo\AppData\Local\Programs\Python\Python37-32\;C:\Users\Lenovo\AppData\Roaming\local\bin;C:\Users\Lenovo\AppData\Roaming\cabal\bin;C:\Users\Lenovo\Anaconda2;C:\Users\Lenovo\Anaconda2\Library\mingw-w64\bin;C:\Users\Lenovo\Anaconda2\Library\usr\bin;C:\Users\Lenovo\Anaconda2\Library\bin;C:\Users\Lenovo\Anaconda2\Scripts;C:\Users\Lenovo\AppData\Roaming\npm;D:\Scripts\;C:\Program Files\Haskell Platform\8.4.3\bin;C:\Program Files\Haskell Platform\8.4.3\lib\extralibs\bin;C:\Program Files\Haskell Platform\8.4.3\lib\ghc-8.4.3;D:\;C:\Users\Lenovo\AppData\Local\Microsoft\WindowsApps;C:\Program Files\Heroku\bin;C:\Users\Lenovo\AppData\Roaming\Composer\vendor\bin;C:\Program Files\MongoDB\Server\3.6\bin;C:\Users\Lenovo\AppData\Roaming\nvm;C:\Program Files\nodejs;;.]
2019-01-15 16:21:42.769  INFO 11344 --- [restartedMain] o.a.c.c.C.[Tomcat].[localhost].[/]       : Initializing Spring embedded WebApplicationContext
2019-01-15 16:21:42.771  INFO 11344 --- [restartedMain] o.s.web.context.ContextLoader            : Root WebApplicationContext: initialization completed in 28871 ms
2019-01-15 16:21:46.252  INFO 11344 --- [restartedMain] o.s.b.w.servlet.FilterRegistrationBean   : Mapping filter: 'characterEncodingFilter' to: [/*]
2019-01-15 16:21:46.256  INFO 11344 --- [restartedMain] o.s.b.w.servlet.FilterRegistrationBean   : Mapping filter: 'hiddenHttpMethodFilter' to: [/*]
2019-01-15 16:21:46.261  INFO 11344 --- [restartedMain] o.s.b.w.servlet.FilterRegistrationBean   : Mapping filter: 'formContentFilter' to: [/*]
2019-01-15 16:21:46.262  INFO 11344 --- [restartedMain] o.s.b.w.servlet.FilterRegistrationBean   : Mapping filter: 'requestContextFilter' to: [/*]
2019-01-15 16:21:46.264  INFO 11344 --- [restartedMain] .s.DelegatingFilterProxyRegistrationBean : Mapping filter: 'springSecurityFilterChain' to: [/*]
2019-01-15 16:21:46.265  INFO 11344 --- [restartedMain] o.s.b.w.servlet.ServletRegistrationBean  : Servlet dispatcherServlet mapped to [/]
2019-01-15 16:21:49.003  INFO 11344 --- [restartedMain] com.zaxxer.hikari.HikariDataSource       : HikariPool-1 - Starting...
2019-01-15 16:21:51.130  INFO 11344 --- [restartedMain] com.zaxxer.hikari.HikariDataSource       : HikariPool-1 - Start completed.
2019-01-15 16:21:53.070  INFO 11344 --- [restartedMain] o.hibernate.jpa.internal.util.LogHelper  : HHH000204: Processing PersistenceUnitInfo [
	name: default
	...]
2019-01-15 16:21:54.190  INFO 11344 --- [restartedMain] org.hibernate.Version                    : HHH000412: Hibernate Core {5.3.7.Final}
2019-01-15 16:21:54.234  INFO 11344 --- [restartedMain] org.hibernate.cfg.Environment            : HHH000206: hibernate.properties not found
2019-01-15 16:21:58.719  INFO 11344 --- [restartedMain] o.hibernate.annotations.common.Version   : HCANN000001: Hibernate Commons Annotations {5.0.4.Final}
2019-01-15 16:21:59.638  INFO 11344 --- [restartedMain] org.hibernate.dialect.Dialect            : HHH000400: Using dialect: org.hibernate.dialect.MySQL5InnoDBDialect
2019-01-15 16:22:09.680  INFO 11344 --- [restartedMain] o.h.t.schema.internal.SchemaCreatorImpl  : HHH000476: Executing import script 'ScriptSourceInputFromUrl(file:/D:/sc/payment-card-centre/target/classes/import.sql)'
2019-01-15 16:22:09.768  INFO 11344 --- [restartedMain] j.LocalContainerEntityManagerFactoryBean : Initialized JPA EntityManagerFactory for persistence unit 'default'
2019-01-15 16:22:10.181  WARN 11344 --- [restartedMain] o.s.b.d.a.OptionalLiveReloadServer       : Unable to start LiveReload server
2019-01-15 16:22:29.715  INFO 11344 --- [restartedMain] .s.s.UserDetailsServiceAutoConfiguration : 

Using generated security password: f7e2859c-735b-4672-9223-67c687e4d1b7

2019-01-15 16:22:31.379  INFO 11344 --- [restartedMain] o.s.s.web.DefaultSecurityFilterChain     : Creating filter chain: any request, [org.springframework.security.web.context.request.async.WebAsyncManagerIntegrationFilter@5f502ec9, org.springframework.security.web.context.SecurityContextPersistenceFilter@483ee87c, org.springframework.security.web.header.HeaderWriterFilter@3b06baab, org.springframework.security.web.authentication.logout.LogoutFilter@6875fa2, com.sep.pcc.paymentcardcentre.security.JwtTokenAuthenticationFilter@2b96812f, org.springframework.security.web.savedrequest.RequestCacheAwareFilter@7dd33313, org.springframework.security.web.servletapi.SecurityContextHolderAwareRequestFilter@1c233ca6, org.springframework.security.web.authentication.AnonymousAuthenticationFilter@7c46b88b, org.springframework.security.web.session.SessionManagementFilter@db81b10, org.springframework.security.web.access.ExceptionTranslationFilter@c82b70e, org.springframework.security.web.access.intercept.FilterSecurityInterceptor@14f24ecf]
2019-01-15 16:22:39.389  INFO 11344 --- [restartedMain] o.s.s.concurrent.ThreadPoolTaskExecutor  : Initializing ExecutorService 'applicationTaskExecutor'
2019-01-15 16:22:40.137  WARN 11344 --- [restartedMain] aWebConfiguration$JpaWebMvcConfiguration : spring.jpa.open-in-view is enabled by default. Therefore, database queries may be performed during view rendering. Explicitly configure spring.jpa.open-in-view to disable this warning
2019-01-15 16:22:46.713  INFO 11344 --- [restartedMain] o.s.b.w.embedded.tomcat.TomcatWebServer  : Tomcat started on port(s): 8444 (http) with context path ''
2019-01-15 16:22:46.721  INFO 11344 --- [restartedMain] c.s.p.p.PaymentCardCentreApplication     : Started PaymentCardCentreApplication in 96.521 seconds (JVM running for 104.253)
