2019-01-15 11:04:47.310  INFO 4304 --- [restartedMain] c.s.b.b.BankServiceApplication           : The following profiles are active: bank2
2019-01-15 11:04:52.279  INFO 4304 --- [restartedMain] .s.d.r.c.RepositoryConfigurationDelegate : Bootstrapping Spring Data repositories in DEFAULT mode.
2019-01-15 11:04:52.923  INFO 4304 --- [restartedMain] .s.d.r.c.RepositoryConfigurationDelegate : Finished Spring Data repository scanning in 598ms. Found 6 repository interfaces.
2019-01-15 11:04:55.312  INFO 4304 --- [restartedMain] o.s.cloud.context.scope.GenericScope     : BeanFactory id=7c0c4524-6688-3e3f-9cc4-18a1f933faff
2019-01-15 11:04:56.325  INFO 4304 --- [restartedMain] trationDelegate$BeanPostProcessorChecker : Bean 'org.springframework.transaction.annotation.ProxyTransactionManagementConfiguration' of type [org.springframework.transaction.annotation.ProxyTransactionManagementConfiguration$$EnhancerBySpringCGLIB$$457a1136] is not eligible for getting processed by all BeanPostProcessors (for example: not eligible for auto-proxying)
2019-01-15 11:04:56.428  INFO 4304 --- [restartedMain] trationDelegate$BeanPostProcessorChecker : Bean 'org.springframework.hateoas.config.HateoasConfiguration' of type [org.springframework.hateoas.config.HateoasConfiguration$$EnhancerBySpringCGLIB$$c4fa5e68] is not eligible for getting processed by all BeanPostProcessors (for example: not eligible for auto-proxying)
2019-01-15 11:04:56.558  INFO 4304 --- [restartedMain] trationDelegate$BeanPostProcessorChecker : Bean 'org.springframework.cloud.autoconfigure.ConfigurationPropertiesRebinderAutoConfiguration' of type [org.springframework.cloud.autoconfigure.ConfigurationPropertiesRebinderAutoConfiguration$$EnhancerBySpringCGLIB$$61941433] is not eligible for getting processed by all BeanPostProcessors (for example: not eligible for auto-proxying)
2019-01-15 11:05:02.888  INFO 4304 --- [restartedMain] o.s.b.w.embedded.tomcat.TomcatWebServer  : Tomcat initialized with port(s): 8202 (http)
2019-01-15 11:05:03.026  INFO 4304 --- [restartedMain] o.apache.catalina.core.StandardService   : Starting service [Tomcat]
2019-01-15 11:05:03.027  INFO 4304 --- [restartedMain] org.apache.catalina.core.StandardEngine  : Starting Servlet Engine: Apache Tomcat/9.0.12
2019-01-15 11:05:03.139  INFO 4304 --- [restartedMain] o.a.catalina.core.AprLifecycleListener   : The APR based Apache Tomcat Native library which allows optimal performance in production environments was not found on the java.library.path: [C:\Program Files\Java\jdk1.8.0_131\bin;C:\WINDOWS\Sun\Java\bin;C:\WINDOWS\system32;C:\WINDOWS;C:\Program Files (x86)\Common Files\Oracle\Java\javapath;C:\Program Files\Haskell\bin;C:\Program Files\Haskell Platform\8.4.3\lib\extralibs\bin;C:\Program Files\Haskell Platform\8.4.3\bin;D:\Python\;D:\Python\Scripts\;C:\ProgramData\Oracle\Java\javapath;C:\WINDOWS\system32;C:\WINDOWS;C:\WINDOWS\System32\Wbem;C:\Program Files\Apache\maven\bin;C:\WINDOWS\System32\WindowsPowerShell\v1.0\;C:\Program Files\Microsoft SQL Server\130\Tools\Binn\;C:\Program Files\dotnet\;C:\Users\Lenovo\AppData\Local\Programs\Git\cmd;C:\ProgramData\ComposerSetup\bin;D:\wamp64\bin\php\php7.1.9;C:\Program Files\PuTTY\;C:\Users\Lenovo\AppData\Roaming\nvm;C:\Program Files\nodejs;C:\Program Files (x86)\Gpg4win\..\GnuPG\bin;D:\programi\bin;C:\Program Files\Haskell Platform\8.4.3\mingw\bin;C:\WINDOWS\System32\OpenSSH\;C:\PHP;C:\Program Files\Java\jre1.8.0_131\bin;C:\Users\Lenovo\AppData\Local\Programs\Python\Python37-32\Scripts\;C:\Users\Lenovo\AppData\Local\Programs\Python\Python37-32\;C:\Users\Lenovo\AppData\Roaming\local\bin;C:\Users\Lenovo\AppData\Roaming\cabal\bin;C:\Users\Lenovo\Anaconda2;C:\Users\Lenovo\Anaconda2\Library\mingw-w64\bin;C:\Users\Lenovo\Anaconda2\Library\usr\bin;C:\Users\Lenovo\Anaconda2\Library\bin;C:\Users\Lenovo\Anaconda2\Scripts;C:\Users\Lenovo\AppData\Roaming\npm;D:\Scripts\;C:\Program Files\Haskell Platform\8.4.3\bin;C:\Program Files\Haskell Platform\8.4.3\lib\extralibs\bin;C:\Program Files\Haskell Platform\8.4.3\lib\ghc-8.4.3;D:\;C:\Users\Lenovo\AppData\Local\Microsoft\WindowsApps;C:\Program Files\Heroku\bin;C:\Users\Lenovo\AppData\Roaming\Composer\vendor\bin;C:\Program Files\MongoDB\Server\3.6\bin;C:\Users\Lenovo\AppData\Roaming\nvm;C:\Program Files\nodejs;;.]
2019-01-15 11:05:04.367  INFO 4304 --- [restartedMain] o.a.c.c.C.[Tomcat].[localhost].[/]       : Initializing Spring embedded WebApplicationContext
2019-01-15 11:05:04.368  INFO 4304 --- [restartedMain] o.s.web.context.ContextLoader            : Root WebApplicationContext: initialization completed in 16995 ms
2019-01-15 11:05:05.502  INFO 4304 --- [restartedMain] o.s.b.w.servlet.FilterRegistrationBean   : Mapping filter: 'characterEncodingFilter' to: [/*]
2019-01-15 11:05:05.505  INFO 4304 --- [restartedMain] o.s.b.w.servlet.FilterRegistrationBean   : Mapping filter: 'hiddenHttpMethodFilter' to: [/*]
2019-01-15 11:05:05.506  INFO 4304 --- [restartedMain] o.s.b.w.servlet.FilterRegistrationBean   : Mapping filter: 'formContentFilter' to: [/*]
2019-01-15 11:05:05.508  INFO 4304 --- [restartedMain] o.s.b.w.servlet.FilterRegistrationBean   : Mapping filter: 'requestContextFilter' to: [/*]
2019-01-15 11:05:05.509  INFO 4304 --- [restartedMain] .s.DelegatingFilterProxyRegistrationBean : Mapping filter: 'springSecurityFilterChain' to: [/*]
2019-01-15 11:05:05.510  INFO 4304 --- [restartedMain] o.s.b.w.servlet.ServletRegistrationBean  : Servlet dispatcherServlet mapped to [/]
2019-01-15 11:05:05.516  INFO 4304 --- [restartedMain] o.s.b.w.servlet.ServletRegistrationBean  : Servlet webServlet mapped to [/h2-console/*]
2019-01-15 11:05:07.404  INFO 4304 --- [restartedMain] com.zaxxer.hikari.HikariDataSource       : HikariPool-1 - Starting...
2019-01-15 11:05:08.553  INFO 4304 --- [restartedMain] com.zaxxer.hikari.HikariDataSource       : HikariPool-1 - Start completed.
2019-01-15 11:05:08.973  INFO 4304 --- [restartedMain] o.hibernate.jpa.internal.util.LogHelper  : HHH000204: Processing PersistenceUnitInfo [
	name: default
	...]
2019-01-15 11:05:09.304  INFO 4304 --- [restartedMain] org.hibernate.Version                    : HHH000412: Hibernate Core {5.3.7.Final}
2019-01-15 11:05:09.307  INFO 4304 --- [restartedMain] org.hibernate.cfg.Environment            : HHH000206: hibernate.properties not found
2019-01-15 11:05:09.931  INFO 4304 --- [restartedMain] o.hibernate.annotations.common.Version   : HCANN000001: Hibernate Commons Annotations {5.0.4.Final}
2019-01-15 11:05:10.856  INFO 4304 --- [restartedMain] org.hibernate.dialect.Dialect            : HHH000400: Using dialect: org.hibernate.dialect.MySQL5InnoDBDialect
2019-01-15 11:05:15.698  INFO 4304 --- [restartedMain] o.h.t.schema.internal.SchemaCreatorImpl  : HHH000476: Executing import script 'org.hibernate.tool.schema.internal.exec.ScriptSourceInputNonExistentImpl@59b813c0'
2019-01-15 11:05:15.703  INFO 4304 --- [restartedMain] j.LocalContainerEntityManagerFactoryBean : Initialized JPA EntityManagerFactory for persistence unit 'default'
2019-01-15 11:05:15.907  WARN 4304 --- [restartedMain] o.s.b.d.a.OptionalLiveReloadServer       : Unable to start LiveReload server
2019-01-15 11:05:24.172  INFO 4304 --- [restartedMain] .s.s.UserDetailsServiceAutoConfiguration : 

Using generated security password: 98ffa7f8-9635-4597-9f3c-81d9d7da5dba

2019-01-15 11:05:25.111  INFO 4304 --- [restartedMain] o.s.s.web.DefaultSecurityFilterChain     : Creating filter chain: any request, [org.springframework.security.web.context.request.async.WebAsyncManagerIntegrationFilter@2aa93a90, org.springframework.security.web.context.SecurityContextPersistenceFilter@524ec552, org.springframework.security.web.header.HeaderWriterFilter@4d60983, org.springframework.security.web.authentication.logout.LogoutFilter@10b24a64, com.sep.bank.bankservice.security.JwtTokenAuthenticationFilter@50e30dc, org.springframework.security.web.savedrequest.RequestCacheAwareFilter@618ed8e9, org.springframework.security.web.servletapi.SecurityContextHolderAwareRequestFilter@6834d711, org.springframework.security.web.authentication.AnonymousAuthenticationFilter@7bb85528, org.springframework.security.web.session.SessionManagementFilter@d281d53, org.springframework.security.web.access.ExceptionTranslationFilter@3baafe5d, org.springframework.security.web.access.intercept.FilterSecurityInterceptor@37fe6c94]
2019-01-15 11:05:25.416  WARN 4304 --- [restartedMain] c.n.c.sources.URLConfigurationSource     : No URLs will be polled as dynamic configuration sources.
2019-01-15 11:05:25.416  INFO 4304 --- [restartedMain] c.n.c.sources.URLConfigurationSource     : To enable URLs as dynamic configuration sources, define System property archaius.configurationSource.additionalUrls or make config.properties available on classpath.
2019-01-15 11:05:25.448  WARN 4304 --- [restartedMain] c.n.c.sources.URLConfigurationSource     : No URLs will be polled as dynamic configuration sources.
2019-01-15 11:05:25.449  INFO 4304 --- [restartedMain] c.n.c.sources.URLConfigurationSource     : To enable URLs as dynamic configuration sources, define System property archaius.configurationSource.additionalUrls or make config.properties available on classpath.
2019-01-15 11:05:27.006  INFO 4304 --- [restartedMain] o.s.s.concurrent.ThreadPoolTaskExecutor  : Initializing ExecutorService 'applicationTaskExecutor'
2019-01-15 11:05:27.274  WARN 4304 --- [restartedMain] aWebConfiguration$JpaWebMvcConfiguration : spring.jpa.open-in-view is enabled by default. Therefore, database queries may be performed during view rendering. Explicitly configure spring.jpa.open-in-view to disable this warning
2019-01-15 11:05:37.378  INFO 4304 --- [restartedMain] o.s.c.n.eureka.InstanceInfoFactory       : Setting initial instance status as: STARTING
2019-01-15 11:05:37.718  INFO 4304 --- [restartedMain] com.netflix.discovery.DiscoveryClient    : Initializing Eureka in region us-east-1
2019-01-15 11:05:39.732  INFO 4304 --- [restartedMain] c.n.d.provider.DiscoveryJerseyProvider   : Using JSON encoding codec LegacyJacksonJson
2019-01-15 11:05:39.732  INFO 4304 --- [restartedMain] c.n.d.provider.DiscoveryJerseyProvider   : Using JSON decoding codec LegacyJacksonJson
2019-01-15 11:05:40.283  INFO 4304 --- [restartedMain] c.n.d.provider.DiscoveryJerseyProvider   : Using XML encoding codec XStreamXml
2019-01-15 11:05:40.283  INFO 4304 --- [restartedMain] c.n.d.provider.DiscoveryJerseyProvider   : Using XML decoding codec XStreamXml
2019-01-15 11:05:41.198  INFO 4304 --- [restartedMain] c.n.d.s.r.aws.ConfigClusterResolver      : Resolving eureka endpoints via configuration
2019-01-15 11:05:42.167  INFO 4304 --- [restartedMain] com.netflix.discovery.DiscoveryClient    : Disable delta property : false
2019-01-15 11:05:42.167  INFO 4304 --- [restartedMain] com.netflix.discovery.DiscoveryClient    : Single vip registry refresh property : null
2019-01-15 11:05:42.168  INFO 4304 --- [restartedMain] com.netflix.discovery.DiscoveryClient    : Force full registry fetch : false
2019-01-15 11:05:42.168  INFO 4304 --- [restartedMain] com.netflix.discovery.DiscoveryClient    : Application is null : false
2019-01-15 11:05:42.168  INFO 4304 --- [restartedMain] com.netflix.discovery.DiscoveryClient    : Registered Applications size is zero : true
2019-01-15 11:05:42.168  INFO 4304 --- [restartedMain] com.netflix.discovery.DiscoveryClient    : Application version is -1: true
2019-01-15 11:05:42.168  INFO 4304 --- [restartedMain] com.netflix.discovery.DiscoveryClient    : Getting all instance registry info from the eureka server
2019-01-15 11:05:43.061  INFO 4304 --- [restartedMain] com.netflix.discovery.DiscoveryClient    : The response status is 200
2019-01-15 11:05:43.069  INFO 4304 --- [restartedMain] com.netflix.discovery.DiscoveryClient    : Starting heartbeat executor: renew interval is: 30
2019-01-15 11:05:43.080  INFO 4304 --- [restartedMain] c.n.discovery.InstanceInfoReplicator     : InstanceInfoReplicator onDemand update allowed rate per min is 4
2019-01-15 11:05:43.095  INFO 4304 --- [restartedMain] com.netflix.discovery.DiscoveryClient    : Discovery Client initialized at timestamp 1547546743086 with initial instances count: 2
2019-01-15 11:05:44.484  INFO 4304 --- [restartedMain] o.s.c.n.e.s.EurekaServiceRegistry        : Registering application bank2-service with eureka with status UP
2019-01-15 11:05:44.492  INFO 4304 --- [restartedMain] com.netflix.discovery.DiscoveryClient    : Saw local status change event StatusChangeEvent [timestamp=1547546744492, current=UP, previous=STARTING]
2019-01-15 11:05:44.497  INFO 4304 --- [DiscoveryClient-InstanceInfoReplicator-0] com.netflix.discovery.DiscoveryClient    : DiscoveryClient_BANK2-SERVICE/DESKTOP-1E1AJAA:bank2-service:8202: registering service...
2019-01-15 11:05:44.827  INFO 4304 --- [DiscoveryClient-InstanceInfoReplicator-0] com.netflix.discovery.DiscoveryClient    : DiscoveryClient_BANK2-SERVICE/DESKTOP-1E1AJAA:bank2-service:8202 - registration status: 204
2019-01-15 11:05:44.835  INFO 4304 --- [restartedMain] o.s.b.w.embedded.tomcat.TomcatWebServer  : Tomcat started on port(s): 8202 (http) with context path ''
2019-01-15 11:05:44.836  INFO 4304 --- [restartedMain] .s.c.n.e.s.EurekaAutoServiceRegistration : Updating port to 8202
2019-01-15 11:05:44.854  INFO 4304 --- [restartedMain] c.s.b.b.BankServiceApplication           : Started BankServiceApplication in 69.141 seconds (JVM running for 73.341)
2019-01-15 11:10:42.178  INFO 4304 --- [AsyncResolver-bootstrap-executor-0] c.n.d.s.r.aws.ConfigClusterResolver      : Resolving eureka endpoints via configuration
2019-01-15 11:15:42.182  INFO 4304 --- [AsyncResolver-bootstrap-executor-0] c.n.d.s.r.aws.ConfigClusterResolver      : Resolving eureka endpoints via configuration
2019-01-15 11:20:42.205  INFO 4304 --- [AsyncResolver-bootstrap-executor-0] c.n.d.s.r.aws.ConfigClusterResolver      : Resolving eureka endpoints via configuration
2019-01-15 11:25:42.210  INFO 4304 --- [AsyncResolver-bootstrap-executor-0] c.n.d.s.r.aws.ConfigClusterResolver      : Resolving eureka endpoints via configuration
2019-01-15 11:30:42.226  INFO 4304 --- [AsyncResolver-bootstrap-executor-0] c.n.d.s.r.aws.ConfigClusterResolver      : Resolving eureka endpoints via configuration
2019-01-15 11:35:42.228  INFO 4304 --- [AsyncResolver-bootstrap-executor-0] c.n.d.s.r.aws.ConfigClusterResolver      : Resolving eureka endpoints via configuration
2019-01-15 11:40:39.669  INFO 4304 --- [AsyncResolver-bootstrap-executor-0] c.n.d.s.r.aws.ConfigClusterResolver      : Resolving eureka endpoints via configuration
2019-01-15 11:45:39.670  INFO 4304 --- [AsyncResolver-bootstrap-executor-0] c.n.d.s.r.aws.ConfigClusterResolver      : Resolving eureka endpoints via configuration
2019-01-15 11:50:39.671  INFO 4304 --- [AsyncResolver-bootstrap-executor-0] c.n.d.s.r.aws.ConfigClusterResolver      : Resolving eureka endpoints via configuration
2019-01-15 11:55:39.672  INFO 4304 --- [AsyncResolver-bootstrap-executor-0] c.n.d.s.r.aws.ConfigClusterResolver      : Resolving eureka endpoints via configuration
2019-01-15 12:00:39.674  INFO 4304 --- [AsyncResolver-bootstrap-executor-0] c.n.d.s.r.aws.ConfigClusterResolver      : Resolving eureka endpoints via configuration
2019-01-15 12:05:39.675  INFO 4304 --- [AsyncResolver-bootstrap-executor-0] c.n.d.s.r.aws.ConfigClusterResolver      : Resolving eureka endpoints via configuration
2019-01-15 12:10:39.677  INFO 4304 --- [AsyncResolver-bootstrap-executor-0] c.n.d.s.r.aws.ConfigClusterResolver      : Resolving eureka endpoints via configuration
2019-01-15 12:15:39.679  INFO 4304 --- [AsyncResolver-bootstrap-executor-0] c.n.d.s.r.aws.ConfigClusterResolver      : Resolving eureka endpoints via configuration
2019-01-15 12:20:39.680  INFO 4304 --- [AsyncResolver-bootstrap-executor-0] c.n.d.s.r.aws.ConfigClusterResolver      : Resolving eureka endpoints via configuration
2019-01-15 12:25:39.684  INFO 4304 --- [AsyncResolver-bootstrap-executor-0] c.n.d.s.r.aws.ConfigClusterResolver      : Resolving eureka endpoints via configuration
2019-01-15 12:30:39.686  INFO 4304 --- [AsyncResolver-bootstrap-executor-0] c.n.d.s.r.aws.ConfigClusterResolver      : Resolving eureka endpoints via configuration
2019-01-15 12:35:39.689  INFO 4304 --- [AsyncResolver-bootstrap-executor-0] c.n.d.s.r.aws.ConfigClusterResolver      : Resolving eureka endpoints via configuration
2019-01-15 12:40:39.690  INFO 4304 --- [AsyncResolver-bootstrap-executor-0] c.n.d.s.r.aws.ConfigClusterResolver      : Resolving eureka endpoints via configuration
2019-01-15 12:45:39.694  INFO 4304 --- [AsyncResolver-bootstrap-executor-0] c.n.d.s.r.aws.ConfigClusterResolver      : Resolving eureka endpoints via configuration
2019-01-15 12:50:39.697  INFO 4304 --- [AsyncResolver-bootstrap-executor-0] c.n.d.s.r.aws.ConfigClusterResolver      : Resolving eureka endpoints via configuration
2019-01-15 12:55:39.699  INFO 4304 --- [AsyncResolver-bootstrap-executor-0] c.n.d.s.r.aws.ConfigClusterResolver      : Resolving eureka endpoints via configuration
2019-01-15 13:00:39.700  INFO 4304 --- [AsyncResolver-bootstrap-executor-0] c.n.d.s.r.aws.ConfigClusterResolver      : Resolving eureka endpoints via configuration
2019-01-15 13:05:39.705  INFO 4304 --- [AsyncResolver-bootstrap-executor-0] c.n.d.s.r.aws.ConfigClusterResolver      : Resolving eureka endpoints via configuration
2019-01-15 13:10:39.714  INFO 4304 --- [AsyncResolver-bootstrap-executor-0] c.n.d.s.r.aws.ConfigClusterResolver      : Resolving eureka endpoints via configuration
2019-01-15 13:15:39.716  INFO 4304 --- [AsyncResolver-bootstrap-executor-0] c.n.d.s.r.aws.ConfigClusterResolver      : Resolving eureka endpoints via configuration
