2019-01-13 16:27:23.108  INFO 9920 --- [restartedMain] c.s.b.b.BankServiceApplication           : The following profiles are active: bank1
2019-01-13 16:27:25.647  INFO 9920 --- [restartedMain] .s.d.r.c.RepositoryConfigurationDelegate : Bootstrapping Spring Data repositories in DEFAULT mode.
2019-01-13 16:27:25.934  INFO 9920 --- [restartedMain] .s.d.r.c.RepositoryConfigurationDelegate : Finished Spring Data repository scanning in 262ms. Found 6 repository interfaces.
2019-01-13 16:27:26.944  INFO 9920 --- [restartedMain] o.s.cloud.context.scope.GenericScope     : BeanFactory id=7c0c4524-6688-3e3f-9cc4-18a1f933faff
2019-01-13 16:27:27.289  INFO 9920 --- [restartedMain] trationDelegate$BeanPostProcessorChecker : Bean 'org.springframework.transaction.annotation.ProxyTransactionManagementConfiguration' of type [org.springframework.transaction.annotation.ProxyTransactionManagementConfiguration$$EnhancerBySpringCGLIB$$b02fba56] is not eligible for getting processed by all BeanPostProcessors (for example: not eligible for auto-proxying)
2019-01-13 16:27:27.342  INFO 9920 --- [restartedMain] trationDelegate$BeanPostProcessorChecker : Bean 'org.springframework.hateoas.config.HateoasConfiguration' of type [org.springframework.hateoas.config.HateoasConfiguration$$EnhancerBySpringCGLIB$$2fb00788] is not eligible for getting processed by all BeanPostProcessors (for example: not eligible for auto-proxying)
2019-01-13 16:27:27.378  INFO 9920 --- [restartedMain] trationDelegate$BeanPostProcessorChecker : Bean 'org.springframework.cloud.autoconfigure.ConfigurationPropertiesRebinderAutoConfiguration' of type [org.springframework.cloud.autoconfigure.ConfigurationPropertiesRebinderAutoConfiguration$$EnhancerBySpringCGLIB$$cc49bd53] is not eligible for getting processed by all BeanPostProcessors (for example: not eligible for auto-proxying)
2019-01-13 16:27:29.775  INFO 9920 --- [restartedMain] o.s.b.w.embedded.tomcat.TomcatWebServer  : Tomcat initialized with port(s): 8210 (http)
2019-01-13 16:27:29.827  INFO 9920 --- [restartedMain] o.apache.catalina.core.StandardService   : Starting service [Tomcat]
2019-01-13 16:27:29.827  INFO 9920 --- [restartedMain] org.apache.catalina.core.StandardEngine  : Starting Servlet Engine: Apache Tomcat/9.0.12
2019-01-13 16:27:29.856  INFO 9920 --- [restartedMain] o.a.catalina.core.AprLifecycleListener   : The APR based Apache Tomcat Native library which allows optimal performance in production environments was not found on the java.library.path: [C:\Program Files\Java\jdk1.8.0_131\bin;C:\WINDOWS\Sun\Java\bin;C:\WINDOWS\system32;C:\WINDOWS;C:\Program Files (x86)\Common Files\Oracle\Java\javapath;C:\Program Files\Haskell\bin;C:\Program Files\Haskell Platform\8.4.3\lib\extralibs\bin;C:\Program Files\Haskell Platform\8.4.3\bin;D:\Python\;D:\Python\Scripts\;C:\ProgramData\Oracle\Java\javapath;C:\WINDOWS\system32;C:\WINDOWS;C:\WINDOWS\System32\Wbem;C:\Program Files\Apache\maven\bin;C:\WINDOWS\System32\WindowsPowerShell\v1.0\;C:\Program Files\Microsoft SQL Server\130\Tools\Binn\;C:\Program Files\dotnet\;C:\Users\Lenovo\AppData\Local\Programs\Git\cmd;C:\ProgramData\ComposerSetup\bin;D:\wamp64\bin\php\php7.1.9;C:\Program Files\PuTTY\;C:\Users\Lenovo\AppData\Roaming\nvm;C:\Program Files\nodejs;C:\Program Files (x86)\Gpg4win\..\GnuPG\bin;D:\programi\bin;C:\Program Files\Haskell Platform\8.4.3\mingw\bin;C:\WINDOWS\System32\OpenSSH\;C:\PHP;C:\Program Files\Java\jre1.8.0_131\bin;C:\Users\Lenovo\AppData\Local\Programs\Python\Python37-32\Scripts\;C:\Users\Lenovo\AppData\Local\Programs\Python\Python37-32\;C:\Users\Lenovo\AppData\Roaming\local\bin;C:\Users\Lenovo\AppData\Roaming\cabal\bin;C:\Users\Lenovo\Anaconda2;C:\Users\Lenovo\Anaconda2\Library\mingw-w64\bin;C:\Users\Lenovo\Anaconda2\Library\usr\bin;C:\Users\Lenovo\Anaconda2\Library\bin;C:\Users\Lenovo\Anaconda2\Scripts;C:\Users\Lenovo\AppData\Roaming\npm;D:\Scripts\;C:\Program Files\Haskell Platform\8.4.3\bin;C:\Program Files\Haskell Platform\8.4.3\lib\extralibs\bin;C:\Program Files\Haskell Platform\8.4.3\lib\ghc-8.4.3;D:\;C:\Users\Lenovo\AppData\Local\Microsoft\WindowsApps;C:\Program Files\Heroku\bin;C:\Users\Lenovo\AppData\Roaming\Composer\vendor\bin;C:\Program Files\MongoDB\Server\3.6\bin;C:\Users\Lenovo\AppData\Roaming\nvm;C:\Program Files\nodejs;;.]
2019-01-13 16:27:30.249  INFO 9920 --- [restartedMain] o.a.c.c.C.[Tomcat].[localhost].[/]       : Initializing Spring embedded WebApplicationContext
2019-01-13 16:27:30.250  INFO 9920 --- [restartedMain] o.s.web.context.ContextLoader            : Root WebApplicationContext: initialization completed in 7091 ms
2019-01-13 16:27:30.696  INFO 9920 --- [restartedMain] o.s.b.w.servlet.FilterRegistrationBean   : Mapping filter: 'characterEncodingFilter' to: [/*]
2019-01-13 16:27:30.697  INFO 9920 --- [restartedMain] o.s.b.w.servlet.FilterRegistrationBean   : Mapping filter: 'hiddenHttpMethodFilter' to: [/*]
2019-01-13 16:27:30.697  INFO 9920 --- [restartedMain] o.s.b.w.servlet.FilterRegistrationBean   : Mapping filter: 'formContentFilter' to: [/*]
2019-01-13 16:27:30.697  INFO 9920 --- [restartedMain] o.s.b.w.servlet.FilterRegistrationBean   : Mapping filter: 'requestContextFilter' to: [/*]
2019-01-13 16:27:30.698  INFO 9920 --- [restartedMain] .s.DelegatingFilterProxyRegistrationBean : Mapping filter: 'springSecurityFilterChain' to: [/*]
2019-01-13 16:27:30.698  INFO 9920 --- [restartedMain] o.s.b.w.servlet.ServletRegistrationBean  : Servlet dispatcherServlet mapped to [/]
2019-01-13 16:27:30.701  INFO 9920 --- [restartedMain] o.s.b.w.servlet.ServletRegistrationBean  : Servlet webServlet mapped to [/h2-console/*]
2019-01-13 16:27:31.368  INFO 9920 --- [restartedMain] com.zaxxer.hikari.HikariDataSource       : HikariPool-1 - Starting...
2019-01-13 16:27:31.859  INFO 9920 --- [restartedMain] com.zaxxer.hikari.HikariDataSource       : HikariPool-1 - Start completed.
2019-01-13 16:27:32.072  INFO 9920 --- [restartedMain] o.hibernate.jpa.internal.util.LogHelper  : HHH000204: Processing PersistenceUnitInfo [
	name: default
	...]
2019-01-13 16:27:32.295  INFO 9920 --- [restartedMain] org.hibernate.Version                    : HHH000412: Hibernate Core {5.3.7.Final}
2019-01-13 16:27:32.299  INFO 9920 --- [restartedMain] org.hibernate.cfg.Environment            : HHH000206: hibernate.properties not found
2019-01-13 16:27:32.911  INFO 9920 --- [restartedMain] o.hibernate.annotations.common.Version   : HCANN000001: Hibernate Commons Annotations {5.0.4.Final}
2019-01-13 16:27:33.367  INFO 9920 --- [restartedMain] org.hibernate.dialect.Dialect            : HHH000400: Using dialect: org.hibernate.dialect.MySQL5InnoDBDialect
2019-01-13 16:27:36.655  INFO 9920 --- [restartedMain] o.h.t.schema.internal.SchemaCreatorImpl  : HHH000476: Executing import script 'org.hibernate.tool.schema.internal.exec.ScriptSourceInputNonExistentImpl@2eb490fe'
2019-01-13 16:27:36.660  INFO 9920 --- [restartedMain] j.LocalContainerEntityManagerFactoryBean : Initialized JPA EntityManagerFactory for persistence unit 'default'
2019-01-13 16:27:36.766  WARN 9920 --- [restartedMain] o.s.b.d.a.OptionalLiveReloadServer       : Unable to start LiveReload server
2019-01-13 16:27:40.772  INFO 9920 --- [restartedMain] .s.s.UserDetailsServiceAutoConfiguration : 

Using generated security password: f6630116-86fe-4eb3-ac3f-6441c377eb65

2019-01-13 16:27:41.315  INFO 9920 --- [restartedMain] o.s.s.web.DefaultSecurityFilterChain     : Creating filter chain: any request, [org.springframework.security.web.context.request.async.WebAsyncManagerIntegrationFilter@5c4d16f2, org.springframework.security.web.context.SecurityContextPersistenceFilter@54827d73, org.springframework.security.web.header.HeaderWriterFilter@6e02f274, org.springframework.security.web.authentication.logout.LogoutFilter@554c9f70, com.sep.bank.bankservice.security.JwtTokenAuthenticationFilter@62f239c5, org.springframework.security.web.savedrequest.RequestCacheAwareFilter@60e3390e, org.springframework.security.web.servletapi.SecurityContextHolderAwareRequestFilter@22878326, org.springframework.security.web.authentication.AnonymousAuthenticationFilter@7ee206c7, org.springframework.security.web.session.SessionManagementFilter@21829de0, org.springframework.security.web.access.ExceptionTranslationFilter@59642dce, org.springframework.security.web.access.intercept.FilterSecurityInterceptor@111cbbfe]
2019-01-13 16:27:41.458  WARN 9920 --- [restartedMain] c.n.c.sources.URLConfigurationSource     : No URLs will be polled as dynamic configuration sources.
2019-01-13 16:27:41.459  INFO 9920 --- [restartedMain] c.n.c.sources.URLConfigurationSource     : To enable URLs as dynamic configuration sources, define System property archaius.configurationSource.additionalUrls or make config.properties available on classpath.
2019-01-13 16:27:41.476  WARN 9920 --- [restartedMain] c.n.c.sources.URLConfigurationSource     : No URLs will be polled as dynamic configuration sources.
2019-01-13 16:27:41.477  INFO 9920 --- [restartedMain] c.n.c.sources.URLConfigurationSource     : To enable URLs as dynamic configuration sources, define System property archaius.configurationSource.additionalUrls or make config.properties available on classpath.
2019-01-13 16:27:42.197  INFO 9920 --- [restartedMain] o.s.s.concurrent.ThreadPoolTaskExecutor  : Initializing ExecutorService 'applicationTaskExecutor'
2019-01-13 16:27:42.441  WARN 9920 --- [restartedMain] aWebConfiguration$JpaWebMvcConfiguration : spring.jpa.open-in-view is enabled by default. Therefore, database queries may be performed during view rendering. Explicitly configure spring.jpa.open-in-view to disable this warning
2019-01-13 16:27:47.808  INFO 9920 --- [restartedMain] o.s.c.n.eureka.InstanceInfoFactory       : Setting initial instance status as: STARTING
2019-01-13 16:27:48.173  INFO 9920 --- [restartedMain] com.netflix.discovery.DiscoveryClient    : Initializing Eureka in region us-east-1
2019-01-13 16:27:49.447  INFO 9920 --- [restartedMain] c.n.d.provider.DiscoveryJerseyProvider   : Using JSON encoding codec LegacyJacksonJson
2019-01-13 16:27:49.448  INFO 9920 --- [restartedMain] c.n.d.provider.DiscoveryJerseyProvider   : Using JSON decoding codec LegacyJacksonJson
2019-01-13 16:27:49.924  INFO 9920 --- [restartedMain] c.n.d.provider.DiscoveryJerseyProvider   : Using XML encoding codec XStreamXml
2019-01-13 16:27:49.924  INFO 9920 --- [restartedMain] c.n.d.provider.DiscoveryJerseyProvider   : Using XML decoding codec XStreamXml
2019-01-13 16:27:50.620  INFO 9920 --- [restartedMain] c.n.d.s.r.aws.ConfigClusterResolver      : Resolving eureka endpoints via configuration
2019-01-13 16:27:51.579  INFO 9920 --- [restartedMain] com.netflix.discovery.DiscoveryClient    : Disable delta property : false
2019-01-13 16:27:51.579  INFO 9920 --- [restartedMain] com.netflix.discovery.DiscoveryClient    : Single vip registry refresh property : null
2019-01-13 16:27:51.580  INFO 9920 --- [restartedMain] com.netflix.discovery.DiscoveryClient    : Force full registry fetch : false
2019-01-13 16:27:51.580  INFO 9920 --- [restartedMain] com.netflix.discovery.DiscoveryClient    : Application is null : false
2019-01-13 16:27:51.580  INFO 9920 --- [restartedMain] com.netflix.discovery.DiscoveryClient    : Registered Applications size is zero : true
2019-01-13 16:27:51.580  INFO 9920 --- [restartedMain] com.netflix.discovery.DiscoveryClient    : Application version is -1: true
2019-01-13 16:27:51.581  INFO 9920 --- [restartedMain] com.netflix.discovery.DiscoveryClient    : Getting all instance registry info from the eureka server
2019-01-13 16:27:52.408  INFO 9920 --- [restartedMain] com.netflix.discovery.DiscoveryClient    : The response status is 200
2019-01-13 16:27:52.425  INFO 9920 --- [restartedMain] com.netflix.discovery.DiscoveryClient    : Starting heartbeat executor: renew interval is: 30
2019-01-13 16:27:52.436  INFO 9920 --- [restartedMain] c.n.discovery.InstanceInfoReplicator     : InstanceInfoReplicator onDemand update allowed rate per min is 4
2019-01-13 16:27:52.452  INFO 9920 --- [restartedMain] com.netflix.discovery.DiscoveryClient    : Discovery Client initialized at timestamp 1547393272447 with initial instances count: 0
2019-01-13 16:27:53.718  INFO 9920 --- [restartedMain] o.s.c.n.e.s.EurekaServiceRegistry        : Registering application bank1-service with eureka with status UP
2019-01-13 16:27:53.720  INFO 9920 --- [restartedMain] com.netflix.discovery.DiscoveryClient    : Saw local status change event StatusChangeEvent [timestamp=1547393273720, current=UP, previous=STARTING]
2019-01-13 16:27:53.724  INFO 9920 --- [DiscoveryClient-InstanceInfoReplicator-0] com.netflix.discovery.DiscoveryClient    : DiscoveryClient_BANK1-SERVICE/DESKTOP-1E1AJAA:bank1-service:8210: registering service...
2019-01-13 16:27:54.106  INFO 9920 --- [restartedMain] o.s.b.w.embedded.tomcat.TomcatWebServer  : Tomcat started on port(s): 8210 (http) with context path ''
2019-01-13 16:27:54.108  INFO 9920 --- [restartedMain] .s.c.n.e.s.EurekaAutoServiceRegistration : Updating port to 8210
2019-01-13 16:27:54.342  INFO 9920 --- [restartedMain] c.s.b.b.BankServiceApplication           : Started BankServiceApplication in 36.835 seconds (JVM running for 40.497)
2019-01-13 16:27:54.703  INFO 9920 --- [DiscoveryClient-InstanceInfoReplicator-0] com.netflix.discovery.DiscoveryClient    : DiscoveryClient_BANK1-SERVICE/DESKTOP-1E1AJAA:bank1-service:8210 - registration status: 204
2019-01-13 16:28:22.427  INFO 9920 --- [DiscoveryClient-CacheRefreshExecutor-0] com.netflix.discovery.DiscoveryClient    : Disable delta property : false
2019-01-13 16:28:22.428  INFO 9920 --- [DiscoveryClient-CacheRefreshExecutor-0] com.netflix.discovery.DiscoveryClient    : Single vip registry refresh property : null
2019-01-13 16:28:22.429  INFO 9920 --- [DiscoveryClient-CacheRefreshExecutor-0] com.netflix.discovery.DiscoveryClient    : Force full registry fetch : false
2019-01-13 16:28:22.429  INFO 9920 --- [DiscoveryClient-CacheRefreshExecutor-0] com.netflix.discovery.DiscoveryClient    : Application is null : false
2019-01-13 16:28:22.429  INFO 9920 --- [DiscoveryClient-CacheRefreshExecutor-0] com.netflix.discovery.DiscoveryClient    : Registered Applications size is zero : true
2019-01-13 16:28:22.429  INFO 9920 --- [DiscoveryClient-CacheRefreshExecutor-0] com.netflix.discovery.DiscoveryClient    : Application version is -1: false
2019-01-13 16:28:22.429  INFO 9920 --- [DiscoveryClient-CacheRefreshExecutor-0] com.netflix.discovery.DiscoveryClient    : Getting all instance registry info from the eureka server
2019-01-13 16:28:22.573  INFO 9920 --- [DiscoveryClient-CacheRefreshExecutor-0] com.netflix.discovery.DiscoveryClient    : The response status is 200
2019-01-13 16:29:09.925  INFO 3220 --- [restartedMain] c.s.b.b.BankServiceApplication           : The following profiles are active: bank1
2019-01-13 16:29:12.306  INFO 3220 --- [restartedMain] .s.d.r.c.RepositoryConfigurationDelegate : Bootstrapping Spring Data repositories in DEFAULT mode.
2019-01-13 16:29:12.606  INFO 3220 --- [restartedMain] .s.d.r.c.RepositoryConfigurationDelegate : Finished Spring Data repository scanning in 281ms. Found 6 repository interfaces.
2019-01-13 16:29:13.799  INFO 3220 --- [restartedMain] o.s.cloud.context.scope.GenericScope     : BeanFactory id=7c0c4524-6688-3e3f-9cc4-18a1f933faff
2019-01-13 16:29:14.092  INFO 3220 --- [restartedMain] trationDelegate$BeanPostProcessorChecker : Bean 'org.springframework.transaction.annotation.ProxyTransactionManagementConfiguration' of type [org.springframework.transaction.annotation.ProxyTransactionManagementConfiguration$$EnhancerBySpringCGLIB$$7c91f587] is not eligible for getting processed by all BeanPostProcessors (for example: not eligible for auto-proxying)
2019-01-13 16:29:14.130  INFO 3220 --- [restartedMain] trationDelegate$BeanPostProcessorChecker : Bean 'org.springframework.hateoas.config.HateoasConfiguration' of type [org.springframework.hateoas.config.HateoasConfiguration$$EnhancerBySpringCGLIB$$fc1242b9] is not eligible for getting processed by all BeanPostProcessors (for example: not eligible for auto-proxying)
2019-01-13 16:29:14.159  INFO 3220 --- [restartedMain] trationDelegate$BeanPostProcessorChecker : Bean 'org.springframework.cloud.autoconfigure.ConfigurationPropertiesRebinderAutoConfiguration' of type [org.springframework.cloud.autoconfigure.ConfigurationPropertiesRebinderAutoConfiguration$$EnhancerBySpringCGLIB$$98abf884] is not eligible for getting processed by all BeanPostProcessors (for example: not eligible for auto-proxying)
2019-01-13 16:29:16.492  INFO 3220 --- [restartedMain] o.s.b.w.embedded.tomcat.TomcatWebServer  : Tomcat initialized with port(s): 8210 (http)
2019-01-13 16:29:16.555  INFO 3220 --- [restartedMain] o.apache.catalina.core.StandardService   : Starting service [Tomcat]
2019-01-13 16:29:16.555  INFO 3220 --- [restartedMain] org.apache.catalina.core.StandardEngine  : Starting Servlet Engine: Apache Tomcat/9.0.12
2019-01-13 16:29:16.590  INFO 3220 --- [restartedMain] o.a.catalina.core.AprLifecycleListener   : The APR based Apache Tomcat Native library which allows optimal performance in production environments was not found on the java.library.path: [C:\Program Files\Java\jdk1.8.0_131\bin;C:\WINDOWS\Sun\Java\bin;C:\WINDOWS\system32;C:\WINDOWS;C:\Program Files (x86)\Common Files\Oracle\Java\javapath;C:\Program Files\Haskell\bin;C:\Program Files\Haskell Platform\8.4.3\lib\extralibs\bin;C:\Program Files\Haskell Platform\8.4.3\bin;D:\Python\;D:\Python\Scripts\;C:\ProgramData\Oracle\Java\javapath;C:\WINDOWS\system32;C:\WINDOWS;C:\WINDOWS\System32\Wbem;C:\Program Files\Apache\maven\bin;C:\WINDOWS\System32\WindowsPowerShell\v1.0\;C:\Program Files\Microsoft SQL Server\130\Tools\Binn\;C:\Program Files\dotnet\;C:\Users\Lenovo\AppData\Local\Programs\Git\cmd;C:\ProgramData\ComposerSetup\bin;D:\wamp64\bin\php\php7.1.9;C:\Program Files\PuTTY\;C:\Users\Lenovo\AppData\Roaming\nvm;C:\Program Files\nodejs;C:\Program Files (x86)\Gpg4win\..\GnuPG\bin;D:\programi\bin;C:\Program Files\Haskell Platform\8.4.3\mingw\bin;C:\WINDOWS\System32\OpenSSH\;C:\PHP;C:\Program Files\Java\jre1.8.0_131\bin;C:\Users\Lenovo\AppData\Local\Programs\Python\Python37-32\Scripts\;C:\Users\Lenovo\AppData\Local\Programs\Python\Python37-32\;C:\Users\Lenovo\AppData\Roaming\local\bin;C:\Users\Lenovo\AppData\Roaming\cabal\bin;C:\Users\Lenovo\Anaconda2;C:\Users\Lenovo\Anaconda2\Library\mingw-w64\bin;C:\Users\Lenovo\Anaconda2\Library\usr\bin;C:\Users\Lenovo\Anaconda2\Library\bin;C:\Users\Lenovo\Anaconda2\Scripts;C:\Users\Lenovo\AppData\Roaming\npm;D:\Scripts\;C:\Program Files\Haskell Platform\8.4.3\bin;C:\Program Files\Haskell Platform\8.4.3\lib\extralibs\bin;C:\Program Files\Haskell Platform\8.4.3\lib\ghc-8.4.3;D:\;C:\Users\Lenovo\AppData\Local\Microsoft\WindowsApps;C:\Program Files\Heroku\bin;C:\Users\Lenovo\AppData\Roaming\Composer\vendor\bin;C:\Program Files\MongoDB\Server\3.6\bin;C:\Users\Lenovo\AppData\Roaming\nvm;C:\Program Files\nodejs;;.]
2019-01-13 16:29:16.967  INFO 3220 --- [restartedMain] o.a.c.c.C.[Tomcat].[localhost].[/]       : Initializing Spring embedded WebApplicationContext
2019-01-13 16:29:16.967  INFO 3220 --- [restartedMain] o.s.web.context.ContextLoader            : Root WebApplicationContext: initialization completed in 7017 ms
2019-01-13 16:29:17.399  INFO 3220 --- [restartedMain] o.s.b.w.servlet.FilterRegistrationBean   : Mapping filter: 'characterEncodingFilter' to: [/*]
2019-01-13 16:29:17.400  INFO 3220 --- [restartedMain] o.s.b.w.servlet.FilterRegistrationBean   : Mapping filter: 'hiddenHttpMethodFilter' to: [/*]
2019-01-13 16:29:17.400  INFO 3220 --- [restartedMain] o.s.b.w.servlet.FilterRegistrationBean   : Mapping filter: 'formContentFilter' to: [/*]
2019-01-13 16:29:17.400  INFO 3220 --- [restartedMain] o.s.b.w.servlet.FilterRegistrationBean   : Mapping filter: 'requestContextFilter' to: [/*]
2019-01-13 16:29:17.403  INFO 3220 --- [restartedMain] .s.DelegatingFilterProxyRegistrationBean : Mapping filter: 'springSecurityFilterChain' to: [/*]
2019-01-13 16:29:17.404  INFO 3220 --- [restartedMain] o.s.b.w.servlet.ServletRegistrationBean  : Servlet dispatcherServlet mapped to [/]
2019-01-13 16:29:17.407  INFO 3220 --- [restartedMain] o.s.b.w.servlet.ServletRegistrationBean  : Servlet webServlet mapped to [/h2-console/*]
2019-01-13 16:29:17.955  INFO 3220 --- [restartedMain] com.zaxxer.hikari.HikariDataSource       : HikariPool-1 - Starting...
2019-01-13 16:29:18.364  INFO 3220 --- [restartedMain] com.zaxxer.hikari.HikariDataSource       : HikariPool-1 - Start completed.
2019-01-13 16:29:18.613  INFO 3220 --- [restartedMain] o.hibernate.jpa.internal.util.LogHelper  : HHH000204: Processing PersistenceUnitInfo [
	name: default
	...]
2019-01-13 16:29:18.779  INFO 3220 --- [restartedMain] org.hibernate.Version                    : HHH000412: Hibernate Core {5.3.7.Final}
2019-01-13 16:29:18.783  INFO 3220 --- [restartedMain] org.hibernate.cfg.Environment            : HHH000206: hibernate.properties not found
2019-01-13 16:29:19.124  INFO 3220 --- [restartedMain] o.hibernate.annotations.common.Version   : HCANN000001: Hibernate Commons Annotations {5.0.4.Final}
2019-01-13 16:29:19.540  INFO 3220 --- [restartedMain] org.hibernate.dialect.Dialect            : HHH000400: Using dialect: org.hibernate.dialect.MySQL5InnoDBDialect
2019-01-13 16:29:22.249  INFO 3220 --- [restartedMain] o.h.t.schema.internal.SchemaCreatorImpl  : HHH000476: Executing import script 'org.hibernate.tool.schema.internal.exec.ScriptSourceInputNonExistentImpl@10222bb7'
2019-01-13 16:29:22.253  INFO 3220 --- [restartedMain] j.LocalContainerEntityManagerFactoryBean : Initialized JPA EntityManagerFactory for persistence unit 'default'
2019-01-13 16:29:22.349  WARN 3220 --- [restartedMain] o.s.b.d.a.OptionalLiveReloadServer       : Unable to start LiveReload server
2019-01-13 16:29:25.504  INFO 3220 --- [restartedMain] .s.s.UserDetailsServiceAutoConfiguration : 

Using generated security password: 1b4c7786-8f9b-435d-a5b5-4ef3918eecfb

2019-01-13 16:29:25.891  INFO 3220 --- [restartedMain] o.s.s.web.DefaultSecurityFilterChain     : Creating filter chain: any request, [org.springframework.security.web.context.request.async.WebAsyncManagerIntegrationFilter@5fddcf05, org.springframework.security.web.context.SecurityContextPersistenceFilter@5b185703, org.springframework.security.web.header.HeaderWriterFilter@8b0231c, org.springframework.security.web.authentication.logout.LogoutFilter@12881618, com.sep.bank.bankservice.security.JwtTokenAuthenticationFilter@722d133e, org.springframework.security.web.savedrequest.RequestCacheAwareFilter@51c1f43, org.springframework.security.web.servletapi.SecurityContextHolderAwareRequestFilter@74a61873, org.springframework.security.web.authentication.AnonymousAuthenticationFilter@102d679d, org.springframework.security.web.session.SessionManagementFilter@28240e42, org.springframework.security.web.access.ExceptionTranslationFilter@8f82d4f, org.springframework.security.web.access.intercept.FilterSecurityInterceptor@70c74c22]
2019-01-13 16:29:25.986  WARN 3220 --- [restartedMain] c.n.c.sources.URLConfigurationSource     : No URLs will be polled as dynamic configuration sources.
2019-01-13 16:29:25.987  INFO 3220 --- [restartedMain] c.n.c.sources.URLConfigurationSource     : To enable URLs as dynamic configuration sources, define System property archaius.configurationSource.additionalUrls or make config.properties available on classpath.
2019-01-13 16:29:26.000  WARN 3220 --- [restartedMain] c.n.c.sources.URLConfigurationSource     : No URLs will be polled as dynamic configuration sources.
2019-01-13 16:29:26.001  INFO 3220 --- [restartedMain] c.n.c.sources.URLConfigurationSource     : To enable URLs as dynamic configuration sources, define System property archaius.configurationSource.additionalUrls or make config.properties available on classpath.
2019-01-13 16:29:26.569  INFO 3220 --- [restartedMain] o.s.s.concurrent.ThreadPoolTaskExecutor  : Initializing ExecutorService 'applicationTaskExecutor'
2019-01-13 16:29:26.710  WARN 3220 --- [restartedMain] aWebConfiguration$JpaWebMvcConfiguration : spring.jpa.open-in-view is enabled by default. Therefore, database queries may be performed during view rendering. Explicitly configure spring.jpa.open-in-view to disable this warning
2019-01-13 16:29:30.360  INFO 3220 --- [restartedMain] o.s.c.n.eureka.InstanceInfoFactory       : Setting initial instance status as: STARTING
2019-01-13 16:29:30.454  INFO 3220 --- [restartedMain] com.netflix.discovery.DiscoveryClient    : Initializing Eureka in region us-east-1
2019-01-13 16:29:31.309  INFO 3220 --- [restartedMain] c.n.d.provider.DiscoveryJerseyProvider   : Using JSON encoding codec LegacyJacksonJson
2019-01-13 16:29:31.309  INFO 3220 --- [restartedMain] c.n.d.provider.DiscoveryJerseyProvider   : Using JSON decoding codec LegacyJacksonJson
2019-01-13 16:29:31.703  INFO 3220 --- [restartedMain] c.n.d.provider.DiscoveryJerseyProvider   : Using XML encoding codec XStreamXml
2019-01-13 16:29:31.703  INFO 3220 --- [restartedMain] c.n.d.provider.DiscoveryJerseyProvider   : Using XML decoding codec XStreamXml
2019-01-13 16:29:32.106  INFO 3220 --- [restartedMain] c.n.d.s.r.aws.ConfigClusterResolver      : Resolving eureka endpoints via configuration
2019-01-13 16:29:32.638  INFO 3220 --- [restartedMain] com.netflix.discovery.DiscoveryClient    : Disable delta property : false
2019-01-13 16:29:32.638  INFO 3220 --- [restartedMain] com.netflix.discovery.DiscoveryClient    : Single vip registry refresh property : null
2019-01-13 16:29:32.638  INFO 3220 --- [restartedMain] com.netflix.discovery.DiscoveryClient    : Force full registry fetch : false
2019-01-13 16:29:32.638  INFO 3220 --- [restartedMain] com.netflix.discovery.DiscoveryClient    : Application is null : false
2019-01-13 16:29:32.638  INFO 3220 --- [restartedMain] com.netflix.discovery.DiscoveryClient    : Registered Applications size is zero : true
2019-01-13 16:29:32.639  INFO 3220 --- [restartedMain] com.netflix.discovery.DiscoveryClient    : Application version is -1: true
2019-01-13 16:29:32.639  INFO 3220 --- [restartedMain] com.netflix.discovery.DiscoveryClient    : Getting all instance registry info from the eureka server
2019-01-13 16:29:33.125  INFO 3220 --- [restartedMain] com.netflix.discovery.DiscoveryClient    : The response status is 200
2019-01-13 16:29:33.131  INFO 3220 --- [restartedMain] com.netflix.discovery.DiscoveryClient    : Starting heartbeat executor: renew interval is: 30
2019-01-13 16:29:33.139  INFO 3220 --- [restartedMain] c.n.discovery.InstanceInfoReplicator     : InstanceInfoReplicator onDemand update allowed rate per min is 4
2019-01-13 16:29:33.146  INFO 3220 --- [restartedMain] com.netflix.discovery.DiscoveryClient    : Discovery Client initialized at timestamp 1547393373144 with initial instances count: 1
2019-01-13 16:29:33.541  INFO 3220 --- [restartedMain] o.s.c.n.e.s.EurekaServiceRegistry        : Registering application bank1-service with eureka with status UP
2019-01-13 16:29:33.542  INFO 3220 --- [restartedMain] com.netflix.discovery.DiscoveryClient    : Saw local status change event StatusChangeEvent [timestamp=1547393373542, current=UP, previous=STARTING]
2019-01-13 16:29:33.546  INFO 3220 --- [DiscoveryClient-InstanceInfoReplicator-0] com.netflix.discovery.DiscoveryClient    : DiscoveryClient_BANK1-SERVICE/DESKTOP-1E1AJAA:bank1-service:8210: registering service...
2019-01-13 16:29:33.696  INFO 3220 --- [DiscoveryClient-InstanceInfoReplicator-0] com.netflix.discovery.DiscoveryClient    : DiscoveryClient_BANK1-SERVICE/DESKTOP-1E1AJAA:bank1-service:8210 - registration status: 204
2019-01-13 16:29:33.703  INFO 3220 --- [restartedMain] o.s.b.w.embedded.tomcat.TomcatWebServer  : Tomcat started on port(s): 8210 (http) with context path ''
2019-01-13 16:29:33.705  INFO 3220 --- [restartedMain] .s.c.n.e.s.EurekaAutoServiceRegistration : Updating port to 8210
2019-01-13 16:29:33.711  INFO 3220 --- [restartedMain] c.s.b.b.BankServiceApplication           : Started BankServiceApplication in 31.298 seconds (JVM running for 33.298)
2019-01-13 16:34:32.644  INFO 3220 --- [AsyncResolver-bootstrap-executor-0] c.n.d.s.r.aws.ConfigClusterResolver      : Resolving eureka endpoints via configuration
2019-01-13 16:39:32.647  INFO 3220 --- [AsyncResolver-bootstrap-executor-0] c.n.d.s.r.aws.ConfigClusterResolver      : Resolving eureka endpoints via configuration
2019-01-13 16:44:32.649  INFO 3220 --- [AsyncResolver-bootstrap-executor-0] c.n.d.s.r.aws.ConfigClusterResolver      : Resolving eureka endpoints via configuration
2019-01-13 16:49:32.652  INFO 3220 --- [AsyncResolver-bootstrap-executor-0] c.n.d.s.r.aws.ConfigClusterResolver      : Resolving eureka endpoints via configuration
2019-01-13 16:54:32.654  INFO 3220 --- [AsyncResolver-bootstrap-executor-0] c.n.d.s.r.aws.ConfigClusterResolver      : Resolving eureka endpoints via configuration
2019-01-13 16:58:01.050  INFO 14652 --- [restartedMain] c.s.b.b.BankServiceApplication           : The following profiles are active: bank1
2019-01-13 16:58:04.398  INFO 14652 --- [restartedMain] .s.d.r.c.RepositoryConfigurationDelegate : Bootstrapping Spring Data repositories in DEFAULT mode.
2019-01-13 16:58:04.648  INFO 14652 --- [restartedMain] .s.d.r.c.RepositoryConfigurationDelegate : Finished Spring Data repository scanning in 229ms. Found 6 repository interfaces.
2019-01-13 16:58:06.196  INFO 14652 --- [restartedMain] o.s.cloud.context.scope.GenericScope     : BeanFactory id=7c0c4524-6688-3e3f-9cc4-18a1f933faff
2019-01-13 16:58:06.896  INFO 14652 --- [restartedMain] trationDelegate$BeanPostProcessorChecker : Bean 'org.springframework.transaction.annotation.ProxyTransactionManagementConfiguration' of type [org.springframework.transaction.annotation.ProxyTransactionManagementConfiguration$$EnhancerBySpringCGLIB$$184a9221] is not eligible for getting processed by all BeanPostProcessors (for example: not eligible for auto-proxying)
2019-01-13 16:58:06.999  INFO 14652 --- [restartedMain] trationDelegate$BeanPostProcessorChecker : Bean 'org.springframework.hateoas.config.HateoasConfiguration' of type [org.springframework.hateoas.config.HateoasConfiguration$$EnhancerBySpringCGLIB$$97cadf53] is not eligible for getting processed by all BeanPostProcessors (for example: not eligible for auto-proxying)
2019-01-13 16:58:07.058  INFO 14652 --- [restartedMain] trationDelegate$BeanPostProcessorChecker : Bean 'org.springframework.cloud.autoconfigure.ConfigurationPropertiesRebinderAutoConfiguration' of type [org.springframework.cloud.autoconfigure.ConfigurationPropertiesRebinderAutoConfiguration$$EnhancerBySpringCGLIB$$3464951e] is not eligible for getting processed by all BeanPostProcessors (for example: not eligible for auto-proxying)
2019-01-13 16:58:10.649  INFO 14652 --- [restartedMain] o.s.b.w.embedded.tomcat.TomcatWebServer  : Tomcat initialized with port(s): 8210 (http)
2019-01-13 16:58:10.711  INFO 14652 --- [restartedMain] o.apache.catalina.core.StandardService   : Starting service [Tomcat]
2019-01-13 16:58:10.713  INFO 14652 --- [restartedMain] org.apache.catalina.core.StandardEngine  : Starting Servlet Engine: Apache Tomcat/9.0.12
2019-01-13 16:58:10.749  INFO 14652 --- [restartedMain] o.a.catalina.core.AprLifecycleListener   : The APR based Apache Tomcat Native library which allows optimal performance in production environments was not found on the java.library.path: [C:\Program Files\Java\jdk1.8.0_131\bin;C:\WINDOWS\Sun\Java\bin;C:\WINDOWS\system32;C:\WINDOWS;C:\Program Files (x86)\Common Files\Oracle\Java\javapath;C:\Program Files\Haskell\bin;C:\Program Files\Haskell Platform\8.4.3\lib\extralibs\bin;C:\Program Files\Haskell Platform\8.4.3\bin;D:\Python\;D:\Python\Scripts\;C:\ProgramData\Oracle\Java\javapath;C:\WINDOWS\system32;C:\WINDOWS;C:\WINDOWS\System32\Wbem;C:\Program Files\Apache\maven\bin;C:\WINDOWS\System32\WindowsPowerShell\v1.0\;C:\Program Files\Microsoft SQL Server\130\Tools\Binn\;C:\Program Files\dotnet\;C:\Users\Lenovo\AppData\Local\Programs\Git\cmd;C:\ProgramData\ComposerSetup\bin;D:\wamp64\bin\php\php7.1.9;C:\Program Files\PuTTY\;C:\Users\Lenovo\AppData\Roaming\nvm;C:\Program Files\nodejs;C:\Program Files (x86)\Gpg4win\..\GnuPG\bin;D:\programi\bin;C:\Program Files\Haskell Platform\8.4.3\mingw\bin;C:\WINDOWS\System32\OpenSSH\;C:\PHP;C:\Program Files\Java\jre1.8.0_131\bin;C:\Users\Lenovo\AppData\Local\Programs\Python\Python37-32\Scripts\;C:\Users\Lenovo\AppData\Local\Programs\Python\Python37-32\;C:\Users\Lenovo\AppData\Roaming\local\bin;C:\Users\Lenovo\AppData\Roaming\cabal\bin;C:\Users\Lenovo\Anaconda2;C:\Users\Lenovo\Anaconda2\Library\mingw-w64\bin;C:\Users\Lenovo\Anaconda2\Library\usr\bin;C:\Users\Lenovo\Anaconda2\Library\bin;C:\Users\Lenovo\Anaconda2\Scripts;C:\Users\Lenovo\AppData\Roaming\npm;D:\Scripts\;C:\Program Files\Haskell Platform\8.4.3\bin;C:\Program Files\Haskell Platform\8.4.3\lib\extralibs\bin;C:\Program Files\Haskell Platform\8.4.3\lib\ghc-8.4.3;D:\;C:\Users\Lenovo\AppData\Local\Microsoft\WindowsApps;C:\Program Files\Heroku\bin;C:\Users\Lenovo\AppData\Roaming\Composer\vendor\bin;C:\Program Files\MongoDB\Server\3.6\bin;C:\Users\Lenovo\AppData\Roaming\nvm;C:\Program Files\nodejs;;.]
2019-01-13 16:58:11.206  INFO 14652 --- [restartedMain] o.a.c.c.C.[Tomcat].[localhost].[/]       : Initializing Spring embedded WebApplicationContext
2019-01-13 16:58:11.207  INFO 14652 --- [restartedMain] o.s.web.context.ContextLoader            : Root WebApplicationContext: initialization completed in 10077 ms
2019-01-13 16:58:12.237  INFO 14652 --- [restartedMain] o.s.b.w.servlet.FilterRegistrationBean   : Mapping filter: 'characterEncodingFilter' to: [/*]
2019-01-13 16:58:12.238  INFO 14652 --- [restartedMain] o.s.b.w.servlet.FilterRegistrationBean   : Mapping filter: 'hiddenHttpMethodFilter' to: [/*]
2019-01-13 16:58:12.239  INFO 14652 --- [restartedMain] o.s.b.w.servlet.FilterRegistrationBean   : Mapping filter: 'formContentFilter' to: [/*]
2019-01-13 16:58:12.240  INFO 14652 --- [restartedMain] o.s.b.w.servlet.FilterRegistrationBean   : Mapping filter: 'requestContextFilter' to: [/*]
2019-01-13 16:58:12.241  INFO 14652 --- [restartedMain] .s.DelegatingFilterProxyRegistrationBean : Mapping filter: 'springSecurityFilterChain' to: [/*]
2019-01-13 16:58:12.241  INFO 14652 --- [restartedMain] o.s.b.w.servlet.ServletRegistrationBean  : Servlet dispatcherServlet mapped to [/]
2019-01-13 16:58:12.244  INFO 14652 --- [restartedMain] o.s.b.w.servlet.ServletRegistrationBean  : Servlet webServlet mapped to [/h2-console/*]
2019-01-13 16:58:13.582  INFO 14652 --- [restartedMain] com.zaxxer.hikari.HikariDataSource       : HikariPool-1 - Starting...
2019-01-13 16:58:14.421  INFO 14652 --- [restartedMain] com.zaxxer.hikari.HikariDataSource       : HikariPool-1 - Start completed.
2019-01-13 16:58:14.719  INFO 14652 --- [restartedMain] o.hibernate.jpa.internal.util.LogHelper  : HHH000204: Processing PersistenceUnitInfo [
	name: default
	...]
2019-01-13 16:58:14.939  INFO 14652 --- [restartedMain] org.hibernate.Version                    : HHH000412: Hibernate Core {5.3.7.Final}
2019-01-13 16:58:14.944  INFO 14652 --- [restartedMain] org.hibernate.cfg.Environment            : HHH000206: hibernate.properties not found
2019-01-13 16:58:15.299  INFO 14652 --- [restartedMain] o.hibernate.annotations.common.Version   : HCANN000001: Hibernate Commons Annotations {5.0.4.Final}
2019-01-13 16:58:16.049  INFO 14652 --- [restartedMain] org.hibernate.dialect.Dialect            : HHH000400: Using dialect: org.hibernate.dialect.MySQL5InnoDBDialect
2019-01-13 16:58:20.777  INFO 14652 --- [restartedMain] o.h.t.schema.internal.SchemaCreatorImpl  : HHH000476: Executing import script 'org.hibernate.tool.schema.internal.exec.ScriptSourceInputNonExistentImpl@57c62480'
2019-01-13 16:58:20.780  INFO 14652 --- [restartedMain] j.LocalContainerEntityManagerFactoryBean : Initialized JPA EntityManagerFactory for persistence unit 'default'
2019-01-13 16:58:20.896  WARN 14652 --- [restartedMain] o.s.b.d.a.OptionalLiveReloadServer       : Unable to start LiveReload server
2019-01-13 16:58:27.588  INFO 14652 --- [restartedMain] .s.s.UserDetailsServiceAutoConfiguration : 

Using generated security password: 1d4937e1-a3b5-4a2f-96cf-69cad1b11308

2019-01-13 16:58:28.791  INFO 14652 --- [restartedMain] o.s.s.web.DefaultSecurityFilterChain     : Creating filter chain: any request, [org.springframework.security.web.context.request.async.WebAsyncManagerIntegrationFilter@72e0cfcf, org.springframework.security.web.context.SecurityContextPersistenceFilter@206c5e09, org.springframework.security.web.header.HeaderWriterFilter@7c6c940f, org.springframework.security.web.authentication.logout.LogoutFilter@30d2f924, com.sep.bank.bankservice.security.JwtTokenAuthenticationFilter@35b9a6a6, org.springframework.security.web.savedrequest.RequestCacheAwareFilter@3f10c44c, org.springframework.security.web.servletapi.SecurityContextHolderAwareRequestFilter@48ae0c61, org.springframework.security.web.authentication.AnonymousAuthenticationFilter@232b6ae9, org.springframework.security.web.session.SessionManagementFilter@1cda90ca, org.springframework.security.web.access.ExceptionTranslationFilter@26d2a233, org.springframework.security.web.access.intercept.FilterSecurityInterceptor@660249b8]
2019-01-13 16:58:29.038  WARN 14652 --- [restartedMain] c.n.c.sources.URLConfigurationSource     : No URLs will be polled as dynamic configuration sources.
2019-01-13 16:58:29.039  INFO 14652 --- [restartedMain] c.n.c.sources.URLConfigurationSource     : To enable URLs as dynamic configuration sources, define System property archaius.configurationSource.additionalUrls or make config.properties available on classpath.
2019-01-13 16:58:29.075  WARN 14652 --- [restartedMain] c.n.c.sources.URLConfigurationSource     : No URLs will be polled as dynamic configuration sources.
2019-01-13 16:58:29.077  INFO 14652 --- [restartedMain] c.n.c.sources.URLConfigurationSource     : To enable URLs as dynamic configuration sources, define System property archaius.configurationSource.additionalUrls or make config.properties available on classpath.
2019-01-13 16:58:30.486  INFO 14652 --- [restartedMain] o.s.s.concurrent.ThreadPoolTaskExecutor  : Initializing ExecutorService 'applicationTaskExecutor'
2019-01-13 16:58:31.087  WARN 14652 --- [restartedMain] aWebConfiguration$JpaWebMvcConfiguration : spring.jpa.open-in-view is enabled by default. Therefore, database queries may be performed during view rendering. Explicitly configure spring.jpa.open-in-view to disable this warning
2019-01-13 16:58:41.243  INFO 14652 --- [restartedMain] o.s.c.n.eureka.InstanceInfoFactory       : Setting initial instance status as: STARTING
2019-01-13 16:58:41.752  INFO 14652 --- [restartedMain] com.netflix.discovery.DiscoveryClient    : Initializing Eureka in region us-east-1
2019-01-13 16:58:43.807  INFO 14652 --- [restartedMain] c.n.d.provider.DiscoveryJerseyProvider   : Using JSON encoding codec LegacyJacksonJson
2019-01-13 16:58:43.808  INFO 14652 --- [restartedMain] c.n.d.provider.DiscoveryJerseyProvider   : Using JSON decoding codec LegacyJacksonJson
2019-01-13 16:58:44.460  INFO 14652 --- [restartedMain] c.n.d.provider.DiscoveryJerseyProvider   : Using XML encoding codec XStreamXml
2019-01-13 16:58:44.460  INFO 14652 --- [restartedMain] c.n.d.provider.DiscoveryJerseyProvider   : Using XML decoding codec XStreamXml
2019-01-13 16:58:45.562  INFO 14652 --- [restartedMain] c.n.d.s.r.aws.ConfigClusterResolver      : Resolving eureka endpoints via configuration
2019-01-13 16:58:46.649  INFO 14652 --- [restartedMain] com.netflix.discovery.DiscoveryClient    : Disable delta property : false
2019-01-13 16:58:46.650  INFO 14652 --- [restartedMain] com.netflix.discovery.DiscoveryClient    : Single vip registry refresh property : null
2019-01-13 16:58:46.650  INFO 14652 --- [restartedMain] com.netflix.discovery.DiscoveryClient    : Force full registry fetch : false
2019-01-13 16:58:46.650  INFO 14652 --- [restartedMain] com.netflix.discovery.DiscoveryClient    : Application is null : false
2019-01-13 16:58:46.650  INFO 14652 --- [restartedMain] com.netflix.discovery.DiscoveryClient    : Registered Applications size is zero : true
2019-01-13 16:58:46.650  INFO 14652 --- [restartedMain] com.netflix.discovery.DiscoveryClient    : Application version is -1: true
2019-01-13 16:58:46.651  INFO 14652 --- [restartedMain] com.netflix.discovery.DiscoveryClient    : Getting all instance registry info from the eureka server
2019-01-13 16:58:47.906  INFO 14652 --- [restartedMain] com.netflix.discovery.DiscoveryClient    : The response status is 200
2019-01-13 16:58:47.923  INFO 14652 --- [restartedMain] com.netflix.discovery.DiscoveryClient    : Starting heartbeat executor: renew interval is: 30
2019-01-13 16:58:47.939  INFO 14652 --- [restartedMain] c.n.discovery.InstanceInfoReplicator     : InstanceInfoReplicator onDemand update allowed rate per min is 4
2019-01-13 16:58:48.001  INFO 14652 --- [restartedMain] com.netflix.discovery.DiscoveryClient    : Discovery Client initialized at timestamp 1547395127997 with initial instances count: 2
2019-01-13 16:58:49.058  INFO 14652 --- [restartedMain] o.s.c.n.e.s.EurekaServiceRegistry        : Registering application bank1-service with eureka with status UP
2019-01-13 16:58:49.059  INFO 14652 --- [restartedMain] com.netflix.discovery.DiscoveryClient    : Saw local status change event StatusChangeEvent [timestamp=1547395129059, current=UP, previous=STARTING]
2019-01-13 16:58:49.072  INFO 14652 --- [DiscoveryClient-InstanceInfoReplicator-0] com.netflix.discovery.DiscoveryClient    : DiscoveryClient_BANK1-SERVICE/DESKTOP-1E1AJAA:bank1-service:8210: registering service...
2019-01-13 16:58:49.302  INFO 14652 --- [DiscoveryClient-InstanceInfoReplicator-0] com.netflix.discovery.DiscoveryClient    : DiscoveryClient_BANK1-SERVICE/DESKTOP-1E1AJAA:bank1-service:8210 - registration status: 204
2019-01-13 16:58:49.382  INFO 14652 --- [restartedMain] o.s.b.w.embedded.tomcat.TomcatWebServer  : Tomcat started on port(s): 8210 (http) with context path ''
2019-01-13 16:58:49.384  INFO 14652 --- [restartedMain] .s.c.n.e.s.EurekaAutoServiceRegistration : Updating port to 8210
2019-01-13 16:58:49.428  INFO 14652 --- [restartedMain] c.s.b.b.BankServiceApplication           : Started BankServiceApplication in 56.7 seconds (JVM running for 59.629)
2019-01-13 16:59:10.899  INFO 14652 --- [http-nio-8210-exec-10] o.a.c.c.C.[Tomcat].[localhost].[/]       : Initializing Spring DispatcherServlet 'dispatcherServlet'
2019-01-13 16:59:10.899  INFO 14652 --- [http-nio-8210-exec-10] o.s.web.servlet.DispatcherServlet        : Initializing Servlet 'dispatcherServlet'
2019-01-13 16:59:10.963  INFO 14652 --- [http-nio-8210-exec-10] o.s.web.servlet.DispatcherServlet        : Completed initialization in 64 ms
2019-01-13 16:59:11.835  INFO 14652 --- [http-nio-8210-exec-10] c.s.b.b.controller.AcquirerController    : Request - get payment url. Merchant: $2a$10$2Jcq6I5x/TYxbX/VaQy2Au9
2019-01-13 16:59:11.881  INFO 14652 --- [http-nio-8210-exec-10] o.h.h.i.QueryTranslatorFactoryInitiator  : HHH000397: Using ASTQueryTranslatorFactory
2019-01-13 16:59:13.091  INFO 14652 --- [http-nio-8210-exec-10] c.s.b.b.s.serviceImpl.BankServiceImpl    : This client exists in the system. Merchant id: $2a$10$2Jcq6I5x/TYxbX/VaQy2Au9
2019-01-13 16:59:13.598  INFO 14652 --- [http-nio-8210-exec-10] c.s.b.b.controller.AcquirerController    : Payment url is successfully generated: $2a$10$9vYvTxQBMYSMN9QSV07qes454XVGAvGGioKWK9TxmsOgeui784ezzIakQgMdQfvYWdudzvZASReHjExmiaWDDagEIoXijNDufdGJQLfdAyEROpDfFvVXvMKDwVYUuhBjINpbXlOHKwJShqVlxRSobbbJlTeBbzqdvlpkECjieMLvQDnEAkrLSumHyTrgrqgjPibnkFZANQzoTWJqbSCFIDUcArABCHelGClLUScXttIPNMtlVQfKCaB
2019-01-13 17:03:46.659  INFO 14652 --- [AsyncResolver-bootstrap-executor-0] c.n.d.s.r.aws.ConfigClusterResolver      : Resolving eureka endpoints via configuration
2019-01-13 17:08:12.575  INFO 14652 --- [http-nio-8210-exec-6] c.s.b.b.controller.AcquirerController    : Request - get payment url. Merchant: $2a$10$2Jcq6I5x/TYxbX/VaQy2Au9
2019-01-13 17:08:12.584  INFO 14652 --- [http-nio-8210-exec-6] c.s.b.b.s.serviceImpl.BankServiceImpl    : This client exists in the system. Merchant id: $2a$10$2Jcq6I5x/TYxbX/VaQy2Au9
2019-01-13 17:08:12.747  INFO 14652 --- [http-nio-8210-exec-6] c.s.b.b.controller.AcquirerController    : Payment url is successfully generated: $2a$10$SZKvDblzBBhCyc6ULi3uAGWQY4WoTasEkBcaSMED1AsSnK1NxybdLDUYSvNRJoGDbmDsWqqqFOaMZyJRwXmXmrkimaWvhOOYKKBCLznWAewMtOIgSpeYuNHqSfeDIMvzarIgyLnlJkAkqwWKrUHUNQvdvuHPqmJfrHakzrkkpYtiEyAcanzHyQXvUHVVNMnIkIsERrCxLhtAHAzxlizojJTmlFHmGbnXeomdylWPvIDYSxDxMgNeSF
2019-01-13 17:08:46.660  INFO 14652 --- [AsyncResolver-bootstrap-executor-0] c.n.d.s.r.aws.ConfigClusterResolver      : Resolving eureka endpoints via configuration
2019-01-13 17:11:41.324  INFO 14652 --- [http-nio-8210-exec-5] c.s.b.b.controller.AcquirerController    : Request - get payment url. Merchant: $2a$10$2Jcq6I5x/TYxbX/VaQy2Au9
2019-01-13 17:11:41.332  INFO 14652 --- [http-nio-8210-exec-5] c.s.b.b.s.serviceImpl.BankServiceImpl    : This client exists in the system. Merchant id: $2a$10$2Jcq6I5x/TYxbX/VaQy2Au9
2019-01-13 17:11:41.536  INFO 14652 --- [http-nio-8210-exec-5] c.s.b.b.controller.AcquirerController    : Payment url is successfully generated: $2a$10$q0sMk4OlZ4bo6aqmojh2..BCMrEt1k6lymzri1xYfC4ygJWyVVi.GprLCwwwvlGXmiBXKtfmtbNNzFbwXzGGzzBxkvxZPDiCfWeYVyniltHmIqbfNZkkmffEnVIPLHjADmjyVaJrZXlkJmvRCOsTIOjnHrxqDKQUxvNipFByhjUuLArfGOLTZBfVVVxTbeJijkeaXZZpaMhedNEXMlkBQZFAMUdBcCcNxGVDpQxEqJBqrcEhQbwrcrvI
2019-01-13 17:13:46.662  INFO 14652 --- [AsyncResolver-bootstrap-executor-0] c.n.d.s.r.aws.ConfigClusterResolver      : Resolving eureka endpoints via configuration
